INFO: setting queue size = 1500
INFO: setting worker count = 10
INFO: setting queue policy = FIFO
INFO: setting server port as: 2222
INFO: Waiting for incoming connection...
INFO: Worker thread 0 (TID = 0) started!
INFO: Worker thread 1 (TID = 0) started!
[#WORKER#] 981204.832890 Worker Thread Alive!
[#WORKER#] 981204.832914 Worker Thread Alive!
INFO: Worker thread 2 (TID = 0) started!
INFO: Worker thread 3 (TID = 0) started!
[#WORKER#] 981204.832894 Worker Thread Alive!
[#WORKER#] 981204.832992 Worker Thread Alive!
INFO: Worker thread 4 (TID = 0) started!
[#WORKER#] 981204.833045 Worker Thread Alive!
INFO: Worker thread 5 (TID = 0) started!
[#WORKER#] 981204.833083 Worker Thread Alive!
INFO: Worker thread 6 (TID = 0) started!
[#WORKER#] 981204.833126 Worker Thread Alive!
INFO: Worker thread 7 (TID = 0) started!
[#WORKER#] 981204.833173 Worker Thread Alive!
INFO: Worker thread 8 (TID = 0) started!
[#WORKER#] 981204.833211 Worker Thread Alive!
INFO: Worker thread 9 (TID = 0) started!
[#WORKER#] 981204.833256 Worker Thread Alive!
T10 R0:981204.832654,IMG_REGISTER,1,6,0,981204.833258,981204.833258,981204.833688
Q:[]
T10 R1:981204.835668,IMG_REGISTER,1,7,1,981204.835736,981204.835736,981204.836398
Q:[]
T10 R2:981204.840243,IMG_REGISTER,1,8,2,981204.840318,981204.840318,981204.840986
Q:[]
T10 R3:981204.844940,IMG_REGISTER,1,9,3,981204.845026,981204.845026,981204.845742
Q:[]
T10 R4:981204.849804,IMG_REGISTER,1,10,4,981204.849890,981204.849890,981204.851117
Q:[]
T10 R5:981204.858488,IMG_REGISTER,1,11,5,981204.858567,981204.858567,981204.859819
Q:[]
T10 R6:981204.867206,IMG_REGISTER,1,12,6,981204.867291,981204.867291,981204.869662
Q:[]
T10 R7:981204.883670,IMG_REGISTER,1,13,7,981204.883757,981204.883757,981204.887363
Q:[]
T10 R8:981204.911440,IMG_REGISTER,1,14,8,981204.911521,981204.911521,981204.915625
Q:[]
T10 R9:981204.960649,IMG_REGISTER,1,15,9,981204.960739,981204.960739,981204.963934
Q:[]
T10 R119:981205.491698,IMG_REGISTER,1,9,10,981205.491879,981205.491879,981205.492614
Q:[R20,R21,R22,R23,R24,R25,R26,R27,R28,R29,R30,R31,R32,R33,R34,R35,R36,R37,R38,R39,R40,R41,R42,R43,R44,R45,R46,R47,R48,R49,R50,R51,R52,R53,R54,R55,R56,R57,R58,R59,R60,R61,R62,R63,R64,R65,R66,R67,R68,R69,R70,R71,R72,R73,R74,R75,R76,R77,R78,R79,R80,R81,R82,R83,R84,R85,R86,R87,R88,R89,R90,R91,R92,R93,R94,R95,R96,R97,R98,R99,R100,R101,R102,R103,R104,R105,R106,R107,R108,R109,R110,R111,R112,R113,R114,R115,R116,R117,R118]
T0 R10:981205.491281,IMG_ROT90CLKW,1,0,0,981205.491357,981205.491435,981205.492831
Q:[R20,R21,R22,R23,R24,R25,R26,R27,R28,R29,R30,R31,R32,R33,R34,R35,R36,R37,R38,R39,R40,R41,R42,R43,R44,R45,R46,R47,R48,R49,R50,R51,R52,R53,R54,R55,R56,R57,R58,R59,R60,R61,R62,R63,R64,R65,R66,R67,R68,R69,R70,R71,R72,R73,R74,R75,R76,R77,R78,R79,R80,R81,R82,R83,R84,R85,R86,R87,R88,R89,R90,R91,R92,R93,R94,R95,R96,R97,R98,R99,R100,R101,R102,R103,R104,R105,R106,R107,R108,R109,R110,R111,R112,R113,R114,R115,R116,R117,R118]
T0 R20:981205.491311,IMG_ROT90CLKW,1,1,1,981205.491732,981205.492921,981205.495161
Q:[R21,R22,R23,R24,R25,R26,R27,R28,R29,R30,R31,R32,R33,R34,R35,R36,R37,R38,R39,R40,R41,R42,R43,R44,R45,R46,R47,R48,R49,R50,R51,R52,R53,R54,R55,R56,R57,R58,R59,R60,R61,R62,R63,R64,R65,R66,R67,R68,R69,R70,R71,R72,R73,R74,R75,R76,R77,R78,R79,R80,R81,R82,R83,R84,R85,R86,R87,R88,R89,R90,R91,R92,R93,R94,R95,R96,R97,R98,R99,R100,R101,R102,R103,R104,R105,R106,R107,R108,R109,R110,R111,R112,R113,R114,R115,R116,R117,R118]
T2 R11:981205.491290,IMG_BLUR,1,0,0,981205.491717,981205.492927,981205.503664
Q:[R22,R23,R24,R25,R26,R27,R28,R29,R30,R31,R32,R33,R34,R35,R36,R37,R38,R39,R40,R41,R42,R43,R44,R45,R46,R47,R48,R49,R50,R51,R52,R53,R54,R55,R56,R57,R58,R59,R60,R61,R62,R63,R64,R65,R66,R67,R68,R69,R70,R71,R72,R73,R74,R75,R76,R77,R78,R79,R80,R81,R82,R83,R84,R85,R86,R87,R88,R89,R90,R91,R92,R93,R94,R95,R96,R97,R98,R99,R100,R101,R102,R103,R104,R105,R106,R107,R108,R109,R110,R111,R112,R113,R114,R115,R116,R117,R118]
T0 R21:981205.491313,IMG_BLUR,1,1,1,981205.491733,981205.495225,981205.507207
Q:[R23,R24,R25,R26,R27,R28,R29,R30,R31,R32,R33,R34,R35,R36,R37,R38,R39,R40,R41,R42,R43,R44,R45,R46,R47,R48,R49,R50,R51,R52,R53,R54,R55,R56,R57,R58,R59,R60,R61,R62,R63,R64,R65,R66,R67,R68,R69,R70,R71,R72,R73,R74,R75,R76,R77,R78,R79,R80,R81,R82,R83,R84,R85,R86,R87,R88,R89,R90,R91,R92,R93,R94,R95,R96,R97,R98,R99,R100,R101,R102,R103,R104,R105,R106,R107,R108,R109,R110,R111,R112,R113,R114,R115,R116,R117,R118]
T3 R12:981205.491293,IMG_SHARPEN,1,0,0,981205.491721,981205.503767,981205.516357
Q:[R24,R25,R26,R27,R28,R29,R30,R31,R32,R33,R34,R35,R36,R37,R38,R39,R40,R41,R42,R43,R44,R45,R46,R47,R48,R49,R50,R51,R52,R53,R54,R55,R56,R57,R58,R59,R60,R61,R62,R63,R64,R65,R66,R67,R68,R69,R70,R71,R72,R73,R74,R75,R76,R77,R78,R79,R80,R81,R82,R83,R84,R85,R86,R87,R88,R89,R90,R91,R92,R93,R94,R95,R96,R97,R98,R99,R100,R101,R102,R103,R104,R105,R106,R107,R108,R109,R110,R111,R112,R113,R114,R115,R116,R117,R118]
T2 R22:981205.491316,IMG_SHARPEN,1,1,1,981205.491734,981205.507299,981205.516969
Q:[R25,R26,R27,R28,R29,R30,R31,R32,R33,R34,R35,R36,R37,R38,R39,R40,R41,R42,R43,R44,R45,R46,R47,R48,R49,R50,R51,R52,R53,R54,R55,R56,R57,R58,R59,R60,R61,R62,R63,R64,R65,R66,R67,R68,R69,R70,R71,R72,R73,R74,R75,R76,R77,R78,R79,R80,R81,R82,R83,R84,R85,R86,R87,R88,R89,R90,R91,R92,R93,R94,R95,R96,R97,R98,R99,R100,R101,R102,R103,R104,R105,R106,R107,R108,R109,R110,R111,R112,R113,R114,R115,R116,R117,R118]
T0 R23:981205.491333,IMG_VERTEDGES,1,1,1,981205.491747,981205.517058,981205.525430
Q:[R26,R27,R28,R29,R30,R31,R32,R33,R34,R35,R36,R37,R38,R39,R40,R41,R42,R43,R44,R45,R46,R47,R48,R49,R50,R51,R52,R53,R54,R55,R56,R57,R58,R59,R60,R61,R62,R63,R64,R65,R66,R67,R68,R69,R70,R71,R72,R73,R74,R75,R76,R77,R78,R79,R80,R81,R82,R83,R84,R85,R86,R87,R88,R89,R90,R91,R92,R93,R94,R95,R96,R97,R98,R99,R100,R101,R102,R103,R104,R105,R106,R107,R108,R109,R110,R111,R112,R113,R114,R115,R116,R117,R118]
T1 R13:981205.491295,IMG_VERTEDGES,1,0,0,981205.491724,981205.516466,981205.529109
Q:[R27,R28,R29,R30,R31,R32,R33,R34,R35,R36,R37,R38,R39,R40,R41,R42,R43,R44,R45,R46,R47,R48,R49,R50,R51,R52,R53,R54,R55,R56,R57,R58,R59,R60,R61,R62,R63,R64,R65,R66,R67,R68,R69,R70,R71,R72,R73,R74,R75,R76,R77,R78,R79,R80,R81,R82,R83,R84,R85,R86,R87,R88,R89,R90,R91,R92,R93,R94,R95,R96,R97,R98,R99,R100,R101,R102,R103,R104,R105,R106,R107,R108,R109,R110,R111,R112,R113,R114,R115,R116,R117,R118]
T4 R14:981205.491297,IMG_HORIZEDGES,1,0,0,981205.491726,981205.529220,981205.534316
Q:[R28,R29,R30,R31,R32,R33,R34,R35,R36,R37,R38,R39,R40,R41,R42,R43,R44,R45,R46,R47,R48,R49,R50,R51,R52,R53,R54,R55,R56,R57,R58,R59,R60,R61,R62,R63,R64,R65,R66,R67,R68,R69,R70,R71,R72,R73,R74,R75,R76,R77,R78,R79,R80,R81,R82,R83,R84,R85,R86,R87,R88,R89,R90,R91,R92,R93,R94,R95,R96,R97,R98,R99,R100,R101,R102,R103,R104,R105,R106,R107,R108,R109,R110,R111,R112,R113,R114,R115,R116,R117,R118]
T5 R15:981205.491300,IMG_ROT90CLKW,1,0,0,981205.491727,981205.534405,981205.535020
Q:[R29,R30,R31,R32,R33,R34,R35,R36,R37,R38,R39,R40,R41,R42,R43,R44,R45,R46,R47,R48,R49,R50,R51,R52,R53,R54,R55,R56,R57,R58,R59,R60,R61,R62,R63,R64,R65,R66,R67,R68,R69,R70,R71,R72,R73,R74,R75,R76,R77,R78,R79,R80,R81,R82,R83,R84,R85,R86,R87,R88,R89,R90,R91,R92,R93,R94,R95,R96,R97,R98,R99,R100,R101,R102,R103,R104,R105,R106,R107,R108,R109,R110,R111,R112,R113,R114,R115,R116,R117,R118]
T6 R16:981205.491302,IMG_BLUR,1,0,0,981205.491728,981205.535056,981205.538847
Q:[R30,R31,R32,R33,R34,R35,R36,R37,R38,R39,R40,R41,R42,R43,R44,R45,R46,R47,R48,R49,R50,R51,R52,R53,R54,R55,R56,R57,R58,R59,R60,R61,R62,R63,R64,R65,R66,R67,R68,R69,R70,R71,R72,R73,R74,R75,R76,R77,R78,R79,R80,R81,R82,R83,R84,R85,R86,R87,R88,R89,R90,R91,R92,R93,R94,R95,R96,R97,R98,R99,R100,R101,R102,R103,R104,R105,R106,R107,R108,R109,R110,R111,R112,R113,R114,R115,R116,R117,R118]
T6 R30:981205.491350,IMG_ROT90CLKW,1,2,2,981205.491754,981205.538874,981205.539797
Q:[R31,R32,R33,R34,R35,R36,R37,R38,R39,R40,R41,R42,R43,R44,R45,R46,R47,R48,R49,R50,R51,R52,R53,R54,R55,R56,R57,R58,R59,R60,R61,R62,R63,R64,R65,R66,R67,R68,R69,R70,R71,R72,R73,R74,R75,R76,R77,R78,R79,R80,R81,R82,R83,R84,R85,R86,R87,R88,R89,R90,R91,R92,R93,R94,R95,R96,R97,R98,R99,R100,R101,R102,R103,R104,R105,R106,R107,R108,R109,R110,R111,R112,R113,R114,R115,R116,R117,R118]
T3 R24:981205.491336,IMG_HORIZEDGES,1,1,1,981205.491748,981205.525518,981205.541714
Q:[R32,R33,R34,R35,R36,R37,R38,R39,R40,R41,R42,R43,R44,R45,R46,R47,R48,R49,R50,R51,R52,R53,R54,R55,R56,R57,R58,R59,R60,R61,R62,R63,R64,R65,R66,R67,R68,R69,R70,R71,R72,R73,R74,R75,R76,R77,R78,R79,R80,R81,R82,R83,R84,R85,R86,R87,R88,R89,R90,R91,R92,R93,R94,R95,R96,R97,R98,R99,R100,R101,R102,R103,R104,R105,R106,R107,R108,R109,R110,R111,R112,R113,R114,R115,R116,R117,R118]
T2 R25:981205.491338,IMG_ROT90CLKW,1,1,1,981205.491749,981205.541833,981205.542573
Q:[R33,R34,R35,R36,R37,R38,R39,R40,R41,R42,R43,R44,R45,R46,R47,R48,R49,R50,R51,R52,R53,R54,R55,R56,R57,R58,R59,R60,R61,R62,R63,R64,R65,R66,R67,R68,R69,R70,R71,R72,R73,R74,R75,R76,R77,R78,R79,R80,R81,R82,R83,R84,R85,R86,R87,R88,R89,R90,R91,R92,R93,R94,R95,R96,R97,R98,R99,R100,R101,R102,R103,R104,R105,R106,R107,R108,R109,R110,R111,R112,R113,R114,R115,R116,R117,R118]
T6 R31:981205.491353,IMG_BLUR,1,2,2,981205.491755,981205.539823,981205.546219
Q:[R34,R35,R36,R37,R38,R39,R40,R41,R42,R43,R44,R45,R46,R47,R48,R49,R50,R51,R52,R53,R54,R55,R56,R57,R58,R59,R60,R61,R62,R63,R64,R65,R66,R67,R68,R69,R70,R71,R72,R73,R74,R75,R76,R77,R78,R79,R80,R81,R82,R83,R84,R85,R86,R87,R88,R89,R90,R91,R92,R93,R94,R95,R96,R97,R98,R99,R100,R101,R102,R103,R104,R105,R106,R107,R108,R109,R110,R111,R112,R113,R114,R115,R116,R117,R118]
T0 R26:981205.491341,IMG_BLUR,1,1,1,981205.491750,981205.542660,981205.552262
Q:[R35,R36,R37,R38,R39,R40,R41,R42,R43,R44,R45,R46,R47,R48,R49,R50,R51,R52,R53,R54,R55,R56,R57,R58,R59,R60,R61,R62,R63,R64,R65,R66,R67,R68,R69,R70,R71,R72,R73,R74,R75,R76,R77,R78,R79,R80,R81,R82,R83,R84,R85,R86,R87,R88,R89,R90,R91,R92,R93,R94,R95,R96,R97,R98,R99,R100,R101,R102,R103,R104,R105,R106,R107,R108,R109,R110,R111,R112,R113,R114,R115,R116,R117,R118]
T7 R17:981205.491304,IMG_SHARPEN,1,0,0,981205.491729,981205.538926,981205.554347
Q:[R36,R37,R38,R39,R40,R41,R42,R43,R44,R45,R46,R47,R48,R49,R50,R51,R52,R53,R54,R55,R56,R57,R58,R59,R60,R61,R62,R63,R64,R65,R66,R67,R68,R69,R70,R71,R72,R73,R74,R75,R76,R77,R78,R79,R80,R81,R82,R83,R84,R85,R86,R87,R88,R89,R90,R91,R92,R93,R94,R95,R96,R97,R98,R99,R100,R101,R102,R103,R104,R105,R106,R107,R108,R109,R110,R111,R112,R113,R114,R115,R116,R117,R118]
T3 R32:981205.491356,IMG_SHARPEN,1,2,2,981205.491756,981205.546309,981205.554738
Q:[R37,R38,R39,R40,R41,R42,R43,R44,R45,R46,R47,R48,R49,R50,R51,R52,R53,R54,R55,R56,R57,R58,R59,R60,R61,R62,R63,R64,R65,R66,R67,R68,R69,R70,R71,R72,R73,R74,R75,R76,R77,R78,R79,R80,R81,R82,R83,R84,R85,R86,R87,R88,R89,R90,R91,R92,R93,R94,R95,R96,R97,R98,R99,R100,R101,R102,R103,R104,R105,R106,R107,R108,R109,R110,R111,R112,R113,R114,R115,R116,R117,R118]
T8 R18:981205.491306,IMG_VERTEDGES,1,0,0,981205.491730,981205.554433,981205.567087
Q:[R38,R39,R40,R41,R42,R43,R44,R45,R46,R47,R48,R49,R50,R51,R52,R53,R54,R55,R56,R57,R58,R59,R60,R61,R62,R63,R64,R65,R66,R67,R68,R69,R70,R71,R72,R73,R74,R75,R76,R77,R78,R79,R80,R81,R82,R83,R84,R85,R86,R87,R88,R89,R90,R91,R92,R93,R94,R95,R96,R97,R98,R99,R100,R101,R102,R103,R104,R105,R106,R107,R108,R109,R110,R111,R112,R113,R114,R115,R116,R117,R118]
T1 R27:981205.491343,IMG_SHARPEN,1,1,1,981205.491751,981205.552367,981205.567492
Q:[R39,R40,R41,R42,R43,R44,R45,R46,R47,R48,R49,R50,R51,R52,R53,R54,R55,R56,R57,R58,R59,R60,R61,R62,R63,R64,R65,R66,R67,R68,R69,R70,R71,R72,R73,R74,R75,R76,R77,R78,R79,R80,R81,R82,R83,R84,R85,R86,R87,R88,R89,R90,R91,R92,R93,R94,R95,R96,R97,R98,R99,R100,R101,R102,R103,R104,R105,R106,R107,R108,R109,R110,R111,R112,R113,R114,R115,R116,R117,R118]
T2 R33:981205.491358,IMG_VERTEDGES,1,2,2,981205.491757,981205.554850,981205.572128
Q:[R40,R41,R42,R43,R44,R45,R46,R47,R48,R49,R50,R51,R52,R53,R54,R55,R56,R57,R58,R59,R60,R61,R62,R63,R64,R65,R66,R67,R68,R69,R70,R71,R72,R73,R74,R75,R76,R77,R78,R79,R80,R81,R82,R83,R84,R85,R86,R87,R88,R89,R90,R91,R92,R93,R94,R95,R96,R97,R98,R99,R100,R101,R102,R103,R104,R105,R106,R107,R108,R109,R110,R111,R112,R113,R114,R115,R116,R117,R118]
T2 R40:981205.491382,IMG_ROT90CLKW,1,3,3,981205.491768,981205.572171,981205.573406
Q:[R41,R42,R43,R44,R45,R46,R47,R48,R49,R50,R51,R52,R53,R54,R55,R56,R57,R58,R59,R60,R61,R62,R63,R64,R65,R66,R67,R68,R69,R70,R71,R72,R73,R74,R75,R76,R77,R78,R79,R80,R81,R82,R83,R84,R85,R86,R87,R88,R89,R90,R91,R92,R93,R94,R95,R96,R97,R98,R99,R100,R101,R102,R103,R104,R105,R106,R107,R108,R109,R110,R111,R112,R113,R114,R115,R116,R117,R118]
T9 R19:981205.491308,IMG_HORIZEDGES,1,0,0,981205.491731,981205.567182,981205.575888
Q:[R42,R43,R44,R45,R46,R47,R48,R49,R50,R51,R52,R53,R54,R55,R56,R57,R58,R59,R60,R61,R62,R63,R64,R65,R66,R67,R68,R69,R70,R71,R72,R73,R74,R75,R76,R77,R78,R79,R80,R81,R82,R83,R84,R85,R86,R87,R88,R89,R90,R91,R92,R93,R94,R95,R96,R97,R98,R99,R100,R101,R102,R103,R104,R105,R106,R107,R108,R109,R110,R111,R112,R113,R114,R115,R116,R117,R118]
T4 R28:981205.491345,IMG_VERTEDGES,1,1,1,981205.491752,981205.567568,981205.578260
Q:[R43,R44,R45,R46,R47,R48,R49,R50,R51,R52,R53,R54,R55,R56,R57,R58,R59,R60,R61,R62,R63,R64,R65,R66,R67,R68,R69,R70,R71,R72,R73,R74,R75,R76,R77,R78,R79,R80,R81,R82,R83,R84,R85,R86,R87,R88,R89,R90,R91,R92,R93,R94,R95,R96,R97,R98,R99,R100,R101,R102,R103,R104,R105,R106,R107,R108,R109,R110,R111,R112,R113,R114,R115,R116,R117,R118]
T2 R41:981205.491384,IMG_BLUR,1,3,3,981205.491769,981205.573439,981205.580216
Q:[R44,R45,R46,R47,R48,R49,R50,R51,R52,R53,R54,R55,R56,R57,R58,R59,R60,R61,R62,R63,R64,R65,R66,R67,R68,R69,R70,R71,R72,R73,R74,R75,R76,R77,R78,R79,R80,R81,R82,R83,R84,R85,R86,R87,R88,R89,R90,R91,R92,R93,R94,R95,R96,R97,R98,R99,R100,R101,R102,R103,R104,R105,R106,R107,R108,R109,R110,R111,R112,R113,R114,R115,R116,R117,R118]
T6 R34:981205.491361,IMG_HORIZEDGES,1,2,2,981205.491758,981205.572282,981205.580753
Q:[R45,R46,R47,R48,R49,R50,R51,R52,R53,R54,R55,R56,R57,R58,R59,R60,R61,R62,R63,R64,R65,R66,R67,R68,R69,R70,R71,R72,R73,R74,R75,R76,R77,R78,R79,R80,R81,R82,R83,R84,R85,R86,R87,R88,R89,R90,R91,R92,R93,R94,R95,R96,R97,R98,R99,R100,R101,R102,R103,R104,R105,R106,R107,R108,R109,R110,R111,R112,R113,R114,R115,R116,R117,R118]
T0 R35:981205.491367,IMG_ROT90CLKW,1,2,2,981205.491759,981205.580916,981205.581999
Q:[R46,R47,R48,R49,R50,R51,R52,R53,R54,R55,R56,R57,R58,R59,R60,R61,R62,R63,R64,R65,R66,R67,R68,R69,R70,R71,R72,R73,R74,R75,R76,R77,R78,R79,R80,R81,R82,R83,R84,R85,R86,R87,R88,R89,R90,R91,R92,R93,R94,R95,R96,R97,R98,R99,R100,R101,R102,R103,R104,R105,R106,R107,R108,R109,R110,R111,R112,R113,R114,R115,R116,R117,R118]
T9 R42:981205.491387,IMG_SHARPEN,1,3,3,981205.491769,981205.580290,981205.589883
Q:[R47,R48,R49,R50,R51,R52,R53,R54,R55,R56,R57,R58,R59,R60,R61,R62,R63,R64,R65,R66,R67,R68,R69,R70,R71,R72,R73,R74,R75,R76,R77,R78,R79,R80,R81,R82,R83,R84,R85,R86,R87,R88,R89,R90,R91,R92,R93,R94,R95,R96,R97,R98,R99,R100,R101,R102,R103,R104,R105,R106,R107,R108,R109,R110,R111,R112,R113,R114,R115,R116,R117,R118]
T7 R36:981205.491370,IMG_BLUR,1,2,2,981205.491764,981205.582179,981205.592431
Q:[R48,R49,R50,R51,R52,R53,R54,R55,R56,R57,R58,R59,R60,R61,R62,R63,R64,R65,R66,R67,R68,R69,R70,R71,R72,R73,R74,R75,R76,R77,R78,R79,R80,R81,R82,R83,R84,R85,R86,R87,R88,R89,R90,R91,R92,R93,R94,R95,R96,R97,R98,R99,R100,R101,R102,R103,R104,R105,R106,R107,R108,R109,R110,R111,R112,R113,R114,R115,R116,R117,R118]
T5 R29:981205.491348,IMG_HORIZEDGES,1,1,1,981205.491753,981205.578364,981205.596562
Q:[R49,R50,R51,R52,R53,R54,R55,R56,R57,R58,R59,R60,R61,R62,R63,R64,R65,R66,R67,R68,R69,R70,R71,R72,R73,R74,R75,R76,R77,R78,R79,R80,R81,R82,R83,R84,R85,R86,R87,R88,R89,R90,R91,R92,R93,R94,R95,R96,R97,R98,R99,R100,R101,R102,R103,R104,R105,R106,R107,R108,R109,R110,R111,R112,R113,R114,R115,R116,R117,R118]
T4 R43:981205.491390,IMG_VERTEDGES,1,3,3,981205.491770,981205.589963,981205.598916
Q:[R50,R51,R52,R53,R54,R55,R56,R57,R58,R59,R60,R61,R62,R63,R64,R65,R66,R67,R68,R69,R70,R71,R72,R73,R74,R75,R76,R77,R78,R79,R80,R81,R82,R83,R84,R85,R86,R87,R88,R89,R90,R91,R92,R93,R94,R95,R96,R97,R98,R99,R100,R101,R102,R103,R104,R105,R106,R107,R108,R109,R110,R111,R112,R113,R114,R115,R116,R117,R118]
T4 R50:981205.491418,IMG_ROT90CLKW,1,4,4,981205.491782,981205.598945,981205.600573
Q:[R51,R52,R53,R54,R55,R56,R57,R58,R59,R60,R61,R62,R63,R64,R65,R66,R67,R68,R69,R70,R71,R72,R73,R74,R75,R76,R77,R78,R79,R80,R81,R82,R83,R84,R85,R86,R87,R88,R89,R90,R91,R92,R93,R94,R95,R96,R97,R98,R99,R100,R101,R102,R103,R104,R105,R106,R107,R108,R109,R110,R111,R112,R113,R114,R115,R116,R117,R118]
T3 R37:981205.491374,IMG_SHARPEN,1,2,2,981205.491765,981205.592591,981205.610042
Q:[R52,R53,R54,R55,R56,R57,R58,R59,R60,R61,R62,R63,R64,R65,R66,R67,R68,R69,R70,R71,R72,R73,R74,R75,R76,R77,R78,R79,R80,R81,R82,R83,R84,R85,R86,R87,R88,R89,R90,R91,R92,R93,R94,R95,R96,R97,R98,R99,R100,R101,R102,R103,R104,R105,R106,R107,R108,R109,R110,R111,R112,R113,R114,R115,R116,R117,R118]
T2 R44:981205.491394,IMG_HORIZEDGES,1,3,3,981205.491776,981205.599064,981205.610106
Q:[R53,R54,R55,R56,R57,R58,R59,R60,R61,R62,R63,R64,R65,R66,R67,R68,R69,R70,R71,R72,R73,R74,R75,R76,R77,R78,R79,R80,R81,R82,R83,R84,R85,R86,R87,R88,R89,R90,R91,R92,R93,R94,R95,R96,R97,R98,R99,R100,R101,R102,R103,R104,R105,R106,R107,R108,R109,R110,R111,R112,R113,R114,R115,R116,R117,R118]
T6 R45:981205.491396,IMG_ROT90CLKW,1,3,3,981205.491777,981205.610201,981205.611322
Q:[R54,R55,R56,R57,R58,R59,R60,R61,R62,R63,R64,R65,R66,R67,R68,R69,R70,R71,R72,R73,R74,R75,R76,R77,R78,R79,R80,R81,R82,R83,R84,R85,R86,R87,R88,R89,R90,R91,R92,R93,R94,R95,R96,R97,R98,R99,R100,R101,R102,R103,R104,R105,R106,R107,R108,R109,R110,R111,R112,R113,R114,R115,R116,R117,R118]
T4 R51:981205.491420,IMG_BLUR,1,4,4,981205.491782,981205.600608,981205.612322
Q:[R55,R56,R57,R58,R59,R60,R61,R62,R63,R64,R65,R66,R67,R68,R69,R70,R71,R72,R73,R74,R75,R76,R77,R78,R79,R80,R81,R82,R83,R84,R85,R86,R87,R88,R89,R90,R91,R92,R93,R94,R95,R96,R97,R98,R99,R100,R101,R102,R103,R104,R105,R106,R107,R108,R109,R110,R111,R112,R113,R114,R115,R116,R117,R118]
T0 R46:981205.491401,IMG_BLUR,1,3,3,981205.491778,981205.611514,981205.627091
Q:[R56,R57,R58,R59,R60,R61,R62,R63,R64,R65,R66,R67,R68,R69,R70,R71,R72,R73,R74,R75,R76,R77,R78,R79,R80,R81,R82,R83,R84,R85,R86,R87,R88,R89,R90,R91,R92,R93,R94,R95,R96,R97,R98,R99,R100,R101,R102,R103,R104,R105,R106,R107,R108,R109,R110,R111,R112,R113,R114,R115,R116,R117,R118]
T3 R52:981205.491425,IMG_SHARPEN,1,4,4,981205.491784,981205.612385,981205.628870
Q:[R57,R58,R59,R60,R61,R62,R63,R64,R65,R66,R67,R68,R69,R70,R71,R72,R73,R74,R75,R76,R77,R78,R79,R80,R81,R82,R83,R84,R85,R86,R87,R88,R89,R90,R91,R92,R93,R94,R95,R96,R97,R98,R99,R100,R101,R102,R103,R104,R105,R106,R107,R108,R109,R110,R111,R112,R113,R114,R115,R116,R117,R118]
T8 R38:981205.491377,IMG_VERTEDGES,1,2,2,981205.491766,981205.610180,981205.629780
Q:[R58,R59,R60,R61,R62,R63,R64,R65,R66,R67,R68,R69,R70,R71,R72,R73,R74,R75,R76,R77,R78,R79,R80,R81,R82,R83,R84,R85,R86,R87,R88,R89,R90,R91,R92,R93,R94,R95,R96,R97,R98,R99,R100,R101,R102,R103,R104,R105,R106,R107,R108,R109,R110,R111,R112,R113,R114,R115,R116,R117,R118]
T9 R47:981205.491403,IMG_SHARPEN,1,3,3,981205.491779,981205.627218,981205.640058
Q:[R59,R60,R61,R62,R63,R64,R65,R66,R67,R68,R69,R70,R71,R72,R73,R74,R75,R76,R77,R78,R79,R80,R81,R82,R83,R84,R85,R86,R87,R88,R89,R90,R91,R92,R93,R94,R95,R96,R97,R98,R99,R100,R101,R102,R103,R104,R105,R106,R107,R108,R109,R110,R111,R112,R113,R114,R115,R116,R117,R118]
T2 R53:981205.491428,IMG_VERTEDGES,1,4,4,981205.491785,981205.628949,981205.649499
Q:[R60,R61,R62,R63,R64,R65,R66,R67,R68,R69,R70,R71,R72,R73,R74,R75,R76,R77,R78,R79,R80,R81,R82,R83,R84,R85,R86,R87,R88,R89,R90,R91,R92,R93,R94,R95,R96,R97,R98,R99,R100,R101,R102,R103,R104,R105,R106,R107,R108,R109,R110,R111,R112,R113,R114,R115,R116,R117,R118]
T1 R39:981205.491380,IMG_HORIZEDGES,1,2,2,981205.491767,981205.629821,981205.649870
Q:[R61,R62,R63,R64,R65,R66,R67,R68,R69,R70,R71,R72,R73,R74,R75,R76,R77,R78,R79,R80,R81,R82,R83,R84,R85,R86,R87,R88,R89,R90,R91,R92,R93,R94,R95,R96,R97,R98,R99,R100,R101,R102,R103,R104,R105,R106,R107,R108,R109,R110,R111,R112,R113,R114,R115,R116,R117,R118]
T2 R60:981205.491470,IMG_ROT90CLKW,1,5,5,981205.491806,981205.649529,981205.651140
Q:[R62,R63,R64,R65,R66,R67,R68,R69,R70,R71,R72,R73,R74,R75,R76,R77,R78,R79,R80,R81,R82,R83,R84,R85,R86,R87,R88,R89,R90,R91,R92,R93,R94,R95,R96,R97,R98,R99,R100,R101,R102,R103,R104,R105,R106,R107,R108,R109,R110,R111,R112,R113,R114,R115,R116,R117,R118]
T7 R48:981205.491406,IMG_VERTEDGES,1,3,3,981205.491780,981205.640157,981205.658351
Q:[R63,R64,R65,R66,R67,R68,R69,R70,R71,R72,R73,R74,R75,R76,R77,R78,R79,R80,R81,R82,R83,R84,R85,R86,R87,R88,R89,R90,R91,R92,R93,R94,R95,R96,R97,R98,R99,R100,R101,R102,R103,R104,R105,R106,R107,R108,R109,R110,R111,R112,R113,R114,R115,R116,R117,R118]
T1 R61:981205.491472,IMG_BLUR,1,5,5,981205.491807,981205.651230,981205.663992
Q:[R64,R65,R66,R67,R68,R69,R70,R71,R72,R73,R74,R75,R76,R77,R78,R79,R80,R81,R82,R83,R84,R85,R86,R87,R88,R89,R90,R91,R92,R93,R94,R95,R96,R97,R98,R99,R100,R101,R102,R103,R104,R105,R106,R107,R108,R109,R110,R111,R112,R113,R114,R115,R116,R117,R118]
T6 R54:981205.491431,IMG_HORIZEDGES,1,4,4,981205.491790,981205.649627,981205.672515
Q:[R65,R66,R67,R68,R69,R70,R71,R72,R73,R74,R75,R76,R77,R78,R79,R80,R81,R82,R83,R84,R85,R86,R87,R88,R89,R90,R91,R92,R93,R94,R95,R96,R97,R98,R99,R100,R101,R102,R103,R104,R105,R106,R107,R108,R109,R110,R111,R112,R113,R114,R115,R116,R117,R118]
T4 R55:981205.491435,IMG_ROT90CLKW,1,4,4,981205.491791,981205.672687,981205.675909
Q:[R66,R67,R68,R69,R70,R71,R72,R73,R74,R75,R76,R77,R78,R79,R80,R81,R82,R83,R84,R85,R86,R87,R88,R89,R90,R91,R92,R93,R94,R95,R96,R97,R98,R99,R100,R101,R102,R103,R104,R105,R106,R107,R108,R109,R110,R111,R112,R113,R114,R115,R116,R117,R118]
T5 R49:981205.491412,IMG_HORIZEDGES,1,3,3,981205.491781,981205.658438,981205.677792
Q:[R67,R68,R69,R70,R71,R72,R73,R74,R75,R76,R77,R78,R79,R80,R81,R82,R83,R84,R85,R86,R87,R88,R89,R90,R91,R92,R93,R94,R95,R96,R97,R98,R99,R100,R101,R102,R103,R104,R105,R106,R107,R108,R109,R110,R111,R112,R113,R114,R115,R116,R117,R118]
T2 R62:981205.491476,IMG_SHARPEN,1,5,5,981205.491808,981205.664097,981205.683430
Q:[R68,R69,R70,R71,R72,R73,R74,R75,R76,R77,R78,R79,R80,R81,R82,R83,R84,R85,R86,R87,R88,R89,R90,R91,R92,R93,R94,R95,R96,R97,R98,R99,R100,R101,R102,R103,R104,R105,R106,R107,R108,R109,R110,R111,R112,R113,R114,R115,R116,R117,R118]
T0 R56:981205.491440,IMG_BLUR,1,4,4,981205.491792,981205.676037,981205.697050
Q:[R69,R70,R71,R72,R73,R74,R75,R76,R77,R78,R79,R80,R81,R82,R83,R84,R85,R86,R87,R88,R89,R90,R91,R92,R93,R94,R95,R96,R97,R98,R99,R100,R101,R102,R103,R104,R105,R106,R107,R108,R109,R110,R111,R112,R113,R114,R115,R116,R117,R118]
T7 R63:981205.491479,IMG_VERTEDGES,1,5,5,981205.491809,981205.683518,981205.709790
Q:[R70,R71,R72,R73,R74,R75,R76,R77,R78,R79,R80,R81,R82,R83,R84,R85,R86,R87,R88,R89,R90,R91,R92,R93,R94,R95,R96,R97,R98,R99,R100,R101,R102,R103,R104,R105,R106,R107,R108,R109,R110,R111,R112,R113,R114,R115,R116,R117,R118]
T7 R70:981205.491509,IMG_ROT90CLKW,1,6,6,981205.491822,981205.709816,981205.713139
Q:[R71,R72,R73,R74,R75,R76,R77,R78,R79,R80,R81,R82,R83,R84,R85,R86,R87,R88,R89,R90,R91,R92,R93,R94,R95,R96,R97,R98,R99,R100,R101,R102,R103,R104,R105,R106,R107,R108,R109,R110,R111,R112,R113,R114,R115,R116,R117,R118]
T3 R57:981205.491443,IMG_SHARPEN,1,4,4,981205.491803,981205.697216,981205.722828
Q:[R72,R73,R74,R75,R76,R77,R78,R79,R80,R81,R82,R83,R84,R85,R86,R87,R88,R89,R90,R91,R92,R93,R94,R95,R96,R97,R98,R99,R100,R101,R102,R103,R104,R105,R106,R107,R108,R109,R110,R111,R112,R113,R114,R115,R116,R117,R118]
T1 R64:981205.491483,IMG_HORIZEDGES,1,5,5,981205.491809,981205.709919,981205.731841
Q:[R73,R74,R75,R76,R77,R78,R79,R80,R81,R82,R83,R84,R85,R86,R87,R88,R89,R90,R91,R92,R93,R94,R95,R96,R97,R98,R99,R100,R101,R102,R103,R104,R105,R106,R107,R108,R109,R110,R111,R112,R113,R114,R115,R116,R117,R118]
T6 R65:981205.491487,IMG_ROT90CLKW,1,5,5,981205.491810,981205.732008,981205.733955
Q:[R74,R75,R76,R77,R78,R79,R80,R81,R82,R83,R84,R85,R86,R87,R88,R89,R90,R91,R92,R93,R94,R95,R96,R97,R98,R99,R100,R101,R102,R103,R104,R105,R106,R107,R108,R109,R110,R111,R112,R113,R114,R115,R116,R117,R118]
T7 R71:981205.491511,IMG_BLUR,1,6,6,981205.491823,981205.713159,981205.735269
Q:[R75,R76,R77,R78,R79,R80,R81,R82,R83,R84,R85,R86,R87,R88,R89,R90,R91,R92,R93,R94,R95,R96,R97,R98,R99,R100,R101,R102,R103,R104,R105,R106,R107,R108,R109,R110,R111,R112,R113,R114,R115,R116,R117,R118]
T8 R58:981205.491448,IMG_VERTEDGES,1,4,4,981205.491804,981205.722913,981205.750040
Q:[R76,R77,R78,R79,R80,R81,R82,R83,R84,R85,R86,R87,R88,R89,R90,R91,R92,R93,R94,R95,R96,R97,R98,R99,R100,R101,R102,R103,R104,R105,R106,R107,R108,R109,R110,R111,R112,R113,R114,R115,R116,R117,R118]
T4 R66:981205.491491,IMG_BLUR,1,5,5,981205.491811,981205.734143,981205.755919
Q:[R77,R78,R79,R80,R81,R82,R83,R84,R85,R86,R87,R88,R89,R90,R91,R92,R93,R94,R95,R96,R97,R98,R99,R100,R101,R102,R103,R104,R105,R106,R107,R108,R109,R110,R111,R112,R113,R114,R115,R116,R117,R118]
T3 R72:981205.491515,IMG_SHARPEN,1,6,6,981205.491823,981205.735347,981205.767942
Q:[R78,R79,R80,R81,R82,R83,R84,R85,R86,R87,R88,R89,R90,R91,R92,R93,R94,R95,R96,R97,R98,R99,R100,R101,R102,R103,R104,R105,R106,R107,R108,R109,R110,R111,R112,R113,R114,R115,R116,R117,R118]
T9 R59:981205.491466,IMG_HORIZEDGES,1,4,4,981205.491805,981205.750142,981205.777322
Q:[R79,R80,R81,R82,R83,R84,R85,R86,R87,R88,R89,R90,R91,R92,R93,R94,R95,R96,R97,R98,R99,R100,R101,R102,R103,R104,R105,R106,R107,R108,R109,R110,R111,R112,R113,R114,R115,R116,R117,R118]
T5 R67:981205.491495,IMG_SHARPEN,1,5,5,981205.491814,981205.756018,981205.779276
Q:[R80,R81,R82,R83,R84,R85,R86,R87,R88,R89,R90,R91,R92,R93,R94,R95,R96,R97,R98,R99,R100,R101,R102,R103,R104,R105,R106,R107,R108,R109,R110,R111,R112,R113,R114,R115,R116,R117,R118]
T5 R80:981205.491546,IMG_ROT90CLKW,1,7,7,981205.491831,981205.779302,981205.783653
Q:[R81,R82,R83,R84,R85,R86,R87,R88,R89,R90,R91,R92,R93,R94,R95,R96,R97,R98,R99,R100,R101,R102,R103,R104,R105,R106,R107,R108,R109,R110,R111,R112,R113,R114,R115,R116,R117,R118]
T1 R73:981205.491519,IMG_VERTEDGES,1,6,6,981205.491824,981205.768026,981205.800520
Q:[R82,R83,R84,R85,R86,R87,R88,R89,R90,R91,R92,R93,R94,R95,R96,R97,R98,R99,R100,R101,R102,R103,R104,R105,R106,R107,R108,R109,R110,R111,R112,R113,R114,R115,R116,R117,R118]
T2 R68:981205.491499,IMG_VERTEDGES,1,5,5,981205.491818,981205.779356,981205.803789
Q:[R83,R84,R85,R86,R87,R88,R89,R90,R91,R92,R93,R94,R95,R96,R97,R98,R99,R100,R101,R102,R103,R104,R105,R106,R107,R108,R109,R110,R111,R112,R113,R114,R115,R116,R117,R118]
T5 R81:981205.491550,IMG_BLUR,1,7,7,981205.491832,981205.783671,981205.818503
Q:[R84,R85,R86,R87,R88,R89,R90,R91,R92,R93,R94,R95,R96,R97,R98,R99,R100,R101,R102,R103,R104,R105,R106,R107,R108,R109,R110,R111,R112,R113,R114,R115,R116,R117,R118]
T0 R69:981205.491503,IMG_HORIZEDGES,1,5,5,981205.491821,981205.803867,981205.830876
Q:[R85,R86,R87,R88,R89,R90,R91,R92,R93,R94,R95,R96,R97,R98,R99,R100,R101,R102,R103,R104,R105,R106,R107,R108,R109,R110,R111,R112,R113,R114,R115,R116,R117,R118]
T6 R74:981205.491524,IMG_HORIZEDGES,1,6,6,981205.491825,981205.800660,981205.841328
Q:[R86,R87,R88,R89,R90,R91,R92,R93,R94,R95,R96,R97,R98,R99,R100,R101,R102,R103,R104,R105,R106,R107,R108,R109,R110,R111,R112,R113,R114,R115,R116,R117,R118]
T7 R75:981205.491526,IMG_ROT90CLKW,1,6,6,981205.491826,981205.841405,981205.846496
Q:[R87,R88,R89,R90,R91,R92,R93,R94,R95,R96,R97,R98,R99,R100,R101,R102,R103,R104,R105,R106,R107,R108,R109,R110,R111,R112,R113,R114,R115,R116,R117,R118]
T1 R82:981205.491552,IMG_SHARPEN,1,7,7,981205.491833,981205.818588,981205.868471
Q:[R88,R89,R90,R91,R92,R93,R94,R95,R96,R97,R98,R99,R100,R101,R102,R103,R104,R105,R106,R107,R108,R109,R110,R111,R112,R113,R114,R115,R116,R117,R118]
T8 R76:981205.491530,IMG_BLUR,1,6,6,981205.491827,981205.846657,981205.878225
Q:[R89,R90,R91,R92,R93,R94,R95,R96,R97,R98,R99,R100,R101,R102,R103,R104,R105,R106,R107,R108,R109,R110,R111,R112,R113,R114,R115,R116,R117,R118]
T4 R77:981205.491534,IMG_SHARPEN,1,6,6,981205.491828,981205.878316,981205.919021
Q:[R90,R91,R92,R93,R94,R95,R96,R97,R98,R99,R100,R101,R102,R103,R104,R105,R106,R107,R108,R109,R110,R111,R112,R113,R114,R115,R116,R117,R118]
T2 R83:981205.491557,IMG_VERTEDGES,1,7,7,981205.491834,981205.868555,981205.919465
Q:[R91,R92,R93,R94,R95,R96,R97,R98,R99,R100,R101,R102,R103,R104,R105,R106,R107,R108,R109,R110,R111,R112,R113,R114,R115,R116,R117,R118]
T4 R90:981205.491589,IMG_ROT90CLKW,1,8,8,981205.491841,981205.919046,981205.926806
Q:[R92,R93,R94,R95,R96,R97,R98,R99,R100,R101,R102,R103,R104,R105,R106,R107,R108,R109,R110,R111,R112,R113,R114,R115,R116,R117,R118]
T3 R78:981205.491539,IMG_VERTEDGES,1,6,6,981205.491829,981205.919099,981205.958849
Q:[R93,R94,R95,R96,R97,R98,R99,R100,R101,R102,R103,R104,R105,R106,R107,R108,R109,R110,R111,R112,R113,R114,R115,R116,R117,R118]
T5 R84:981205.491561,IMG_HORIZEDGES,1,7,7,981205.491835,981205.919632,981205.973614
Q:[R94,R95,R96,R97,R98,R99,R100,R101,R102,R103,R104,R105,R106,R107,R108,R109,R110,R111,R112,R113,R114,R115,R116,R117,R118]
T0 R85:981205.491566,IMG_ROT90CLKW,1,7,7,981205.491836,981205.973788,981205.983398
Q:[R95,R96,R97,R98,R99,R100,R101,R102,R103,R104,R105,R106,R107,R108,R109,R110,R111,R112,R113,R114,R115,R116,R117,R118]
T2 R91:981205.491594,IMG_BLUR,1,8,8,981205.491842,981205.926891,981205.991003
Q:[R96,R97,R98,R99,R100,R101,R102,R103,R104,R105,R106,R107,R108,R109,R110,R111,R112,R113,R114,R115,R116,R117,R118]
T9 R79:981205.491543,IMG_HORIZEDGES,1,6,6,981205.491830,981205.958935,981205.999045
Q:[R97,R98,R99,R100,R101,R102,R103,R104,R105,R106,R107,R108,R109,R110,R111,R112,R113,R114,R115,R116,R117,R118]
T6 R86:981205.491571,IMG_BLUR,1,7,7,981205.491837,981205.983592,981206.029200
Q:[R98,R99,R100,R101,R102,R103,R104,R105,R106,R107,R108,R109,R110,R111,R112,R113,R114,R115,R116,R117,R118]
T7 R87:981205.491575,IMG_SHARPEN,1,7,7,981205.491838,981206.029384,981206.083150
Q:[R99,R100,R101,R102,R103,R104,R105,R106,R107,R108,R109,R110,R111,R112,R113,R114,R115,R116,R117,R118]
T4 R92:981205.491597,IMG_SHARPEN,1,8,8,981205.491843,981205.991101,981206.085179
Q:[R100,R101,R102,R103,R104,R105,R106,R107,R108,R109,R110,R111,R112,R113,R114,R115,R116,R117,R118]
T4 R100:981205.491631,IMG_ROT90CLKW,1,9,9,981205.491851,981206.085202,981206.090577
Q:[R101,R102,R103,R104,R105,R106,R107,R108,R109,R110,R111,R112,R113,R114,R115,R116,R117,R118]
T4 R101:981205.491636,IMG_BLUR,1,9,9,981205.491852,981206.090592,981206.131937
Q:[R102,R103,R104,R105,R106,R107,R108,R109,R110,R111,R112,R113,R114,R115,R116,R117,R118]
T1 R88:981205.491580,IMG_VERTEDGES,1,7,7,981205.491839,981206.083295,981206.139825
Q:[R103,R104,R105,R106,R107,R108,R109,R110,R111,R112,R113,R114,R115,R116,R117,R118]
T3 R93:981205.491602,IMG_VERTEDGES,1,8,8,981205.491844,981206.085325,981206.178822
Q:[R104,R105,R106,R107,R108,R109,R110,R111,R112,R113,R114,R115,R116,R117,R118]
T4 R102:981205.491639,IMG_SHARPEN,1,9,9,981205.491853,981206.131950,981206.187518
Q:[R105,R106,R107,R108,R109,R110,R111,R112,R113,R114,R115,R116,R117,R118]
T8 R89:981205.491584,IMG_HORIZEDGES,1,7,7,981205.491840,981206.139899,981206.194938
Q:[R106,R107,R108,R109,R110,R111,R112,R113,R114,R115,R116,R117,R118]
T1 R103:981205.491644,IMG_VERTEDGES,1,9,9,981205.491861,981206.187605,981206.250073
Q:[R107,R108,R109,R110,R111,R112,R113,R114,R115,R116,R117,R118]
T5 R94:981205.491606,IMG_HORIZEDGES,1,8,8,981205.491845,981206.178966,981206.273571
Q:[R108,R109,R110,R111,R112,R113,R114,R115,R116,R117,R118]
T0 R95:981205.491610,IMG_ROT90CLKW,1,8,8,981205.491846,981206.273729,981206.290730
Q:[R109,R110,R111,R112,R113,R114,R115,R116,R117,R118]
T3 R104:981205.491647,IMG_HORIZEDGES,1,9,9,981205.491863,981206.250178,981206.309715
Q:[R110,R111,R112,R113,R114,R115,R116,R117,R118]
T3 R110:981205.491667,IMG_RETRIEVE,1,0,0,981205.491870,981206.309738,981206.309739
Q:[R111,R112,R113,R114,R115,R116,R117,R118]
T3 R111:981205.491670,IMG_RETRIEVE,1,1,1,981205.491871,981206.309854,981206.309855
Q:[R112,R113,R114,R115,R116,R117,R118]
T3 R112:981205.491674,IMG_RETRIEVE,1,2,2,981205.491872,981206.310011,981206.310011
Q:[R113,R114,R115,R116,R117,R118]
T3 R113:981205.491677,IMG_RETRIEVE,1,3,3,981205.491873,981206.310159,981206.310159
Q:[R114,R115,R116,R117,R118]
T3 R114:981205.491681,IMG_RETRIEVE,1,4,4,981205.491874,981206.310317,981206.310317
Q:[R115,R116,R117,R118]
T3 R115:981205.491684,IMG_RETRIEVE,1,5,5,981205.491875,981206.313129,981206.313129
Q:[R116,R117,R118]
T3 R116:981205.491688,IMG_RETRIEVE,1,6,6,981205.491875,981206.313378,981206.313378
Q:[R117,R118]
T3 R117:981205.491691,IMG_RETRIEVE,1,7,7,981205.491877,981206.319196,981206.319196
Q:[R118]
T4 R105:981205.491650,IMG_ROT90CLKW,1,9,9,981205.491864,981206.309850,981206.322746
Q:[]
T2 R96:981205.491614,IMG_BLUR,1,8,8,981205.491847,981206.290820,981206.362050
Q:[]
T8 R106:981205.491653,IMG_BLUR,1,9,9,981205.491866,981206.326186,981206.384129
Q:[]
T9 R97:981205.491618,IMG_SHARPEN,1,8,8,981205.491848,981206.362187,981206.450651
Q:[]
T1 R107:981205.491657,IMG_SHARPEN,1,9,9,981205.491867,981206.384263,981206.451590
Q:[]
T5 R108:981205.491659,IMG_VERTEDGES,1,9,9,981205.491868,981206.451622,981206.518284
Q:[]
T6 R98:981205.491623,IMG_VERTEDGES,1,8,8,981205.491849,981206.450796,981206.548582
Q:[]
T0 R109:981205.491662,IMG_HORIZEDGES,1,9,9,981205.491868,981206.518374,981206.586252
Q:[]
T7 R99:981205.491627,IMG_HORIZEDGES,1,8,8,981205.491850,981206.548673,981206.645366
Q:[]
T3 R118:981205.491694,IMG_RETRIEVE,1,8,8,981205.491878,981206.645453,981206.645454
Q:[]
INFO: Worker thread exited.
INFO: Worker thread exited.
INFO: Worker thread exited.
INFO: Worker thread exited.
INFO: Worker thread exited.
INFO: Worker thread exited.
INFO: Worker thread exited.
INFO: Worker thread exited.
INFO: Worker thread exited.
INFO: Worker thread exited.
INFO: Client disconnected.
	Command being timed: "./build/server_mimg -q 1500 -w 10 -p FIFO 2222"
	User time (seconds): 2.63
	System time (seconds): 0.08
	Percent of CPU this job got: 55%
	Elapsed (wall clock) time (h:mm:ss or m:ss): 0:04.91
	Average shared text size (kbytes): 0
	Average unshared data size (kbytes): 0
	Average stack size (kbytes): 0
	Average total size (kbytes): 0
	Maximum resident set size (kbytes): 75592
	Average resident set size (kbytes): 0
	Major (requiring I/O) page faults: 0
	Minor (reclaiming a frame) page faults: 23290
	Voluntary context switches: 315
	Involuntary context switches: 9
	Swaps: 0
	File system inputs: 0
	File system outputs: 72
	Socket messages sent: 0
	Socket messages received: 0
	Signals delivered: 0
	Page size (bytes): 4096
	Exit status: 0
