INFO: setting queue size = 1500
INFO: setting worker count = 10
INFO: setting queue policy = FIFO
INFO: setting server port as: 2222
INFO: Waiting for incoming connection...
INFO: Worker thread 0 (TID = 0) started!
INFO: Worker thread 1 (TID = 0) started!
[#WORKER#] 981306.642568 Worker Thread Alive!
INFO: Worker thread 2 (TID = 0) started!
[#WORKER#] 981306.642618 Worker Thread Alive!
INFO: Worker thread 3 (TID = 0) started!
[#WORKER#] 981306.642656 Worker Thread Alive!
[#WORKER#] 981306.642658 Worker Thread Alive!
INFO: Worker thread 4 (TID = 0) started!
[#WORKER#] 981306.642704 Worker Thread Alive!
INFO: Worker thread 5 (TID = 0) started!
[#WORKER#] 981306.642746 Worker Thread Alive!
INFO: Worker thread 6 (TID = 0) started!
[#WORKER#] 981306.642788 Worker Thread Alive!
INFO: Worker thread 7 (TID = 0) started!
[#WORKER#] 981306.642828 Worker Thread Alive!
INFO: Worker thread 8 (TID = 0) started!
[#WORKER#] 981306.642871 Worker Thread Alive!
INFO: Worker thread 9 (TID = 0) started!
[#WORKER#] 981306.642912 Worker Thread Alive!
T10 R0:981306.642346,IMG_REGISTER,1,6,0,981306.642912,981306.642912,981306.643359
Q:[]
T10 R1:981306.645391,IMG_REGISTER,1,7,1,981306.645402,981306.645403,981306.646072
Q:[]
T10 R2:981306.650145,IMG_REGISTER,1,8,2,981306.650221,981306.650221,981306.650902
Q:[]
T10 R3:981306.654796,IMG_REGISTER,1,9,3,981306.654873,981306.654873,981306.655616
Q:[]
T10 R4:981306.659771,IMG_REGISTER,1,10,4,981306.659856,981306.659856,981306.661104
Q:[]
T10 R5:981306.668361,IMG_REGISTER,1,11,5,981306.668445,981306.668446,981306.669718
Q:[]
T10 R6:981306.677067,IMG_REGISTER,1,12,6,981306.677152,981306.677152,981306.679535
Q:[]
T10 R7:981306.693565,IMG_REGISTER,1,13,7,981306.693649,981306.693649,981306.695918
Q:[]
T10 R8:981306.719876,IMG_REGISTER,1,14,8,981306.719973,981306.719973,981306.724233
Q:[]
T10 R9:981306.769539,IMG_REGISTER,1,15,9,981306.769634,981306.769634,981306.772981
Q:[]
T0 R10:981307.300242,IMG_ROT90CLKW,1,0,0,981307.300318,981307.300399,981307.302130
Q:[R20,R21,R22,R23,R24,R25,R26,R27,R28,R29,R30,R31,R32,R33,R34,R35,R36,R37,R38,R39,R40,R41,R42,R43,R44,R45,R46,R47,R48,R49,R50,R51,R52,R53,R54,R55,R56,R57,R58,R59,R60,R61,R62,R63,R64,R65,R66,R67,R68,R69,R70,R71,R72,R73,R74,R75,R76,R77,R78,R79,R80,R81,R82,R83,R84,R85,R86,R87,R88,R89,R90,R91,R92,R93,R94,R95,R96,R97,R98,R99,R100,R101,R102,R103,R104,R105,R106,R107,R108,R109,R110,R111,R112,R113,R114,R115,R116,R117,R118]
T10 R119:981307.300656,IMG_REGISTER,1,9,10,981307.300836,981307.300836,981307.302273
Q:[R21,R22,R23,R24,R25,R26,R27,R28,R29,R30,R31,R32,R33,R34,R35,R36,R37,R38,R39,R40,R41,R42,R43,R44,R45,R46,R47,R48,R49,R50,R51,R52,R53,R54,R55,R56,R57,R58,R59,R60,R61,R62,R63,R64,R65,R66,R67,R68,R69,R70,R71,R72,R73,R74,R75,R76,R77,R78,R79,R80,R81,R82,R83,R84,R85,R86,R87,R88,R89,R90,R91,R92,R93,R94,R95,R96,R97,R98,R99,R100,R101,R102,R103,R104,R105,R106,R107,R108,R109,R110,R111,R112,R113,R114,R115,R116,R117,R118]
T2 R11:981307.300249,IMG_ROT90CLKW,1,1,1,981307.300678,981307.300691,981307.304017
Q:[R21,R22,R23,R24,R25,R26,R27,R28,R29,R30,R31,R32,R33,R34,R35,R36,R37,R38,R39,R40,R41,R42,R43,R44,R45,R46,R47,R48,R49,R50,R51,R52,R53,R54,R55,R56,R57,R58,R59,R60,R61,R62,R63,R64,R65,R66,R67,R68,R69,R70,R71,R72,R73,R74,R75,R76,R77,R78,R79,R80,R81,R82,R83,R84,R85,R86,R87,R88,R89,R90,R91,R92,R93,R94,R95,R96,R97,R98,R99,R100,R101,R102,R103,R104,R105,R106,R107,R108,R109,R110,R111,R112,R113,R114,R115,R116,R117,R118]
T3 R12:981307.300252,IMG_ROT90CLKW,1,2,2,981307.300682,981307.300751,981307.304110
Q:[R22,R23,R24,R25,R26,R27,R28,R29,R30,R31,R32,R33,R34,R35,R36,R37,R38,R39,R40,R41,R42,R43,R44,R45,R46,R47,R48,R49,R50,R51,R52,R53,R54,R55,R56,R57,R58,R59,R60,R61,R62,R63,R64,R65,R66,R67,R68,R69,R70,R71,R72,R73,R74,R75,R76,R77,R78,R79,R80,R81,R82,R83,R84,R85,R86,R87,R88,R89,R90,R91,R92,R93,R94,R95,R96,R97,R98,R99,R100,R101,R102,R103,R104,R105,R106,R107,R108,R109,R110,R111,R112,R113,R114,R115,R116,R117,R118]
T1 R13:981307.300254,IMG_ROT90CLKW,1,3,3,981307.300683,981307.300812,981307.304224
Q:[R23,R24,R25,R26,R27,R28,R29,R30,R31,R32,R33,R34,R35,R36,R37,R38,R39,R40,R41,R42,R43,R44,R45,R46,R47,R48,R49,R50,R51,R52,R53,R54,R55,R56,R57,R58,R59,R60,R61,R62,R63,R64,R65,R66,R67,R68,R69,R70,R71,R72,R73,R74,R75,R76,R77,R78,R79,R80,R81,R82,R83,R84,R85,R86,R87,R88,R89,R90,R91,R92,R93,R94,R95,R96,R97,R98,R99,R100,R101,R102,R103,R104,R105,R106,R107,R108,R109,R110,R111,R112,R113,R114,R115,R116,R117,R118]
T4 R14:981307.300256,IMG_ROT90CLKW,1,4,4,981307.300685,981307.300872,981307.306029
Q:[R24,R25,R26,R27,R28,R29,R30,R31,R32,R33,R34,R35,R36,R37,R38,R39,R40,R41,R42,R43,R44,R45,R46,R47,R48,R49,R50,R51,R52,R53,R54,R55,R56,R57,R58,R59,R60,R61,R62,R63,R64,R65,R66,R67,R68,R69,R70,R71,R72,R73,R74,R75,R76,R77,R78,R79,R80,R81,R82,R83,R84,R85,R86,R87,R88,R89,R90,R91,R92,R93,R94,R95,R96,R97,R98,R99,R100,R101,R102,R103,R104,R105,R106,R107,R108,R109,R110,R111,R112,R113,R114,R115,R116,R117,R118]
T5 R15:981307.300259,IMG_ROT90CLKW,1,5,5,981307.300686,981307.300928,981307.306214
Q:[R25,R26,R27,R28,R29,R30,R31,R32,R33,R34,R35,R36,R37,R38,R39,R40,R41,R42,R43,R44,R45,R46,R47,R48,R49,R50,R51,R52,R53,R54,R55,R56,R57,R58,R59,R60,R61,R62,R63,R64,R65,R66,R67,R68,R69,R70,R71,R72,R73,R74,R75,R76,R77,R78,R79,R80,R81,R82,R83,R84,R85,R86,R87,R88,R89,R90,R91,R92,R93,R94,R95,R96,R97,R98,R99,R100,R101,R102,R103,R104,R105,R106,R107,R108,R109,R110,R111,R112,R113,R114,R115,R116,R117,R118]
T6 R16:981307.300261,IMG_ROT90CLKW,1,6,6,981307.300688,981307.300938,981307.311023
Q:[R26,R27,R28,R29,R30,R31,R32,R33,R34,R35,R36,R37,R38,R39,R40,R41,R42,R43,R44,R45,R46,R47,R48,R49,R50,R51,R52,R53,R54,R55,R56,R57,R58,R59,R60,R61,R62,R63,R64,R65,R66,R67,R68,R69,R70,R71,R72,R73,R74,R75,R76,R77,R78,R79,R80,R81,R82,R83,R84,R85,R86,R87,R88,R89,R90,R91,R92,R93,R94,R95,R96,R97,R98,R99,R100,R101,R102,R103,R104,R105,R106,R107,R108,R109,R110,R111,R112,R113,R114,R115,R116,R117,R118]
T7 R17:981307.300263,IMG_ROT90CLKW,1,7,7,981307.300689,981307.301032,981307.311905
Q:[R27,R28,R29,R30,R31,R32,R33,R34,R35,R36,R37,R38,R39,R40,R41,R42,R43,R44,R45,R46,R47,R48,R49,R50,R51,R52,R53,R54,R55,R56,R57,R58,R59,R60,R61,R62,R63,R64,R65,R66,R67,R68,R69,R70,R71,R72,R73,R74,R75,R76,R77,R78,R79,R80,R81,R82,R83,R84,R85,R86,R87,R88,R89,R90,R91,R92,R93,R94,R95,R96,R97,R98,R99,R100,R101,R102,R103,R104,R105,R106,R107,R108,R109,R110,R111,R112,R113,R114,R115,R116,R117,R118]
T0 R20:981307.300270,IMG_BLUR,1,0,0,981307.300692,981307.302211,981307.312215
Q:[R28,R29,R30,R31,R32,R33,R34,R35,R36,R37,R38,R39,R40,R41,R42,R43,R44,R45,R46,R47,R48,R49,R50,R51,R52,R53,R54,R55,R56,R57,R58,R59,R60,R61,R62,R63,R64,R65,R66,R67,R68,R69,R70,R71,R72,R73,R74,R75,R76,R77,R78,R79,R80,R81,R82,R83,R84,R85,R86,R87,R88,R89,R90,R91,R92,R93,R94,R95,R96,R97,R98,R99,R100,R101,R102,R103,R104,R105,R106,R107,R108,R109,R110,R111,R112,R113,R114,R115,R116,R117,R118]
T9 R19:981307.300268,IMG_ROT90CLKW,1,9,9,981307.300691,981307.301109,981307.316021
Q:[R29,R30,R31,R32,R33,R34,R35,R36,R37,R38,R39,R40,R41,R42,R43,R44,R45,R46,R47,R48,R49,R50,R51,R52,R53,R54,R55,R56,R57,R58,R59,R60,R61,R62,R63,R64,R65,R66,R67,R68,R69,R70,R71,R72,R73,R74,R75,R76,R77,R78,R79,R80,R81,R82,R83,R84,R85,R86,R87,R88,R89,R90,R91,R92,R93,R94,R95,R96,R97,R98,R99,R100,R101,R102,R103,R104,R105,R106,R107,R108,R109,R110,R111,R112,R113,R114,R115,R116,R117,R118]
T8 R18:981307.300266,IMG_ROT90CLKW,1,8,8,981307.300690,981307.301102,981307.316959
Q:[R30,R31,R32,R33,R34,R35,R36,R37,R38,R39,R40,R41,R42,R43,R44,R45,R46,R47,R48,R49,R50,R51,R52,R53,R54,R55,R56,R57,R58,R59,R60,R61,R62,R63,R64,R65,R66,R67,R68,R69,R70,R71,R72,R73,R74,R75,R76,R77,R78,R79,R80,R81,R82,R83,R84,R85,R86,R87,R88,R89,R90,R91,R92,R93,R94,R95,R96,R97,R98,R99,R100,R101,R102,R103,R104,R105,R106,R107,R108,R109,R110,R111,R112,R113,R114,R115,R116,R117,R118]
T1 R23:981307.300293,IMG_BLUR,1,3,3,981307.300695,981307.304682,981307.319008
Q:[R31,R32,R33,R34,R35,R36,R37,R38,R39,R40,R41,R42,R43,R44,R45,R46,R47,R48,R49,R50,R51,R52,R53,R54,R55,R56,R57,R58,R59,R60,R61,R62,R63,R64,R65,R66,R67,R68,R69,R70,R71,R72,R73,R74,R75,R76,R77,R78,R79,R80,R81,R82,R83,R84,R85,R86,R87,R88,R89,R90,R91,R92,R93,R94,R95,R96,R97,R98,R99,R100,R101,R102,R103,R104,R105,R106,R107,R108,R109,R110,R111,R112,R113,R114,R115,R116,R117,R118]
T2 R21:981307.300273,IMG_BLUR,1,1,1,981307.300693,981307.304091,981307.319301
Q:[R32,R33,R34,R35,R36,R37,R38,R39,R40,R41,R42,R43,R44,R45,R46,R47,R48,R49,R50,R51,R52,R53,R54,R55,R56,R57,R58,R59,R60,R61,R62,R63,R64,R65,R66,R67,R68,R69,R70,R71,R72,R73,R74,R75,R76,R77,R78,R79,R80,R81,R82,R83,R84,R85,R86,R87,R88,R89,R90,R91,R92,R93,R94,R95,R96,R97,R98,R99,R100,R101,R102,R103,R104,R105,R106,R107,R108,R109,R110,R111,R112,R113,R114,R115,R116,R117,R118]
T3 R22:981307.300275,IMG_BLUR,1,2,2,981307.300694,981307.304629,981307.319684
Q:[R33,R34,R35,R36,R37,R38,R39,R40,R41,R42,R43,R44,R45,R46,R47,R48,R49,R50,R51,R52,R53,R54,R55,R56,R57,R58,R59,R60,R61,R62,R63,R64,R65,R66,R67,R68,R69,R70,R71,R72,R73,R74,R75,R76,R77,R78,R79,R80,R81,R82,R83,R84,R85,R86,R87,R88,R89,R90,R91,R92,R93,R94,R95,R96,R97,R98,R99,R100,R101,R102,R103,R104,R105,R106,R107,R108,R109,R110,R111,R112,R113,R114,R115,R116,R117,R118]
T8 R30:981307.300309,IMG_SHARPEN,1,0,0,981307.300702,981307.317010,981307.323462
Q:[R34,R35,R36,R37,R38,R39,R40,R41,R42,R43,R44,R45,R46,R47,R48,R49,R50,R51,R52,R53,R54,R55,R56,R57,R58,R59,R60,R61,R62,R63,R64,R65,R66,R67,R68,R69,R70,R71,R72,R73,R74,R75,R76,R77,R78,R79,R80,R81,R82,R83,R84,R85,R86,R87,R88,R89,R90,R91,R92,R93,R94,R95,R96,R97,R98,R99,R100,R101,R102,R103,R104,R105,R106,R107,R108,R109,R110,R111,R112,R113,R114,R115,R116,R117,R118]
T4 R24:981307.300295,IMG_BLUR,1,4,4,981307.300696,981307.306111,981307.324332
Q:[R35,R36,R37,R38,R39,R40,R41,R42,R43,R44,R45,R46,R47,R48,R49,R50,R51,R52,R53,R54,R55,R56,R57,R58,R59,R60,R61,R62,R63,R64,R65,R66,R67,R68,R69,R70,R71,R72,R73,R74,R75,R76,R77,R78,R79,R80,R81,R82,R83,R84,R85,R86,R87,R88,R89,R90,R91,R92,R93,R94,R95,R96,R97,R98,R99,R100,R101,R102,R103,R104,R105,R106,R107,R108,R109,R110,R111,R112,R113,R114,R115,R116,R117,R118]
T5 R25:981307.300298,IMG_BLUR,1,5,5,981307.300697,981307.306291,981307.324759
Q:[R36,R37,R38,R39,R40,R41,R42,R43,R44,R45,R46,R47,R48,R49,R50,R51,R52,R53,R54,R55,R56,R57,R58,R59,R60,R61,R62,R63,R64,R65,R66,R67,R68,R69,R70,R71,R72,R73,R74,R75,R76,R77,R78,R79,R80,R81,R82,R83,R84,R85,R86,R87,R88,R89,R90,R91,R92,R93,R94,R95,R96,R97,R98,R99,R100,R101,R102,R103,R104,R105,R106,R107,R108,R109,R110,R111,R112,R113,R114,R115,R116,R117,R118]
T1 R31:981307.300312,IMG_SHARPEN,1,1,1,981307.300706,981307.319351,981307.327722
Q:[R37,R38,R39,R40,R41,R42,R43,R44,R45,R46,R47,R48,R49,R50,R51,R52,R53,R54,R55,R56,R57,R58,R59,R60,R61,R62,R63,R64,R65,R66,R67,R68,R69,R70,R71,R72,R73,R74,R75,R76,R77,R78,R79,R80,R81,R82,R83,R84,R85,R86,R87,R88,R89,R90,R91,R92,R93,R94,R95,R96,R97,R98,R99,R100,R101,R102,R103,R104,R105,R106,R107,R108,R109,R110,R111,R112,R113,R114,R115,R116,R117,R118]
T2 R32:981307.300315,IMG_SHARPEN,1,2,2,981307.300720,981307.319720,981307.329752
Q:[R38,R39,R40,R41,R42,R43,R44,R45,R46,R47,R48,R49,R50,R51,R52,R53,R54,R55,R56,R57,R58,R59,R60,R61,R62,R63,R64,R65,R66,R67,R68,R69,R70,R71,R72,R73,R74,R75,R76,R77,R78,R79,R80,R81,R82,R83,R84,R85,R86,R87,R88,R89,R90,R91,R92,R93,R94,R95,R96,R97,R98,R99,R100,R101,R102,R103,R104,R105,R106,R107,R108,R109,R110,R111,R112,R113,R114,R115,R116,R117,R118]
T3 R33:981307.300317,IMG_SHARPEN,1,3,3,981307.300721,981307.319717,981307.330149
Q:[R39,R40,R41,R42,R43,R44,R45,R46,R47,R48,R49,R50,R51,R52,R53,R54,R55,R56,R57,R58,R59,R60,R61,R62,R63,R64,R65,R66,R67,R68,R69,R70,R71,R72,R73,R74,R75,R76,R77,R78,R79,R80,R81,R82,R83,R84,R85,R86,R87,R88,R89,R90,R91,R92,R93,R94,R95,R96,R97,R98,R99,R100,R101,R102,R103,R104,R105,R106,R107,R108,R109,R110,R111,R112,R113,R114,R115,R116,R117,R118]
T6 R26:981307.300300,IMG_BLUR,1,6,6,981307.300698,981307.311078,981307.338181
Q:[R40,R41,R42,R43,R44,R45,R46,R47,R48,R49,R50,R51,R52,R53,R54,R55,R56,R57,R58,R59,R60,R61,R62,R63,R64,R65,R66,R67,R68,R69,R70,R71,R72,R73,R74,R75,R76,R77,R78,R79,R80,R81,R82,R83,R84,R85,R86,R87,R88,R89,R90,R91,R92,R93,R94,R95,R96,R97,R98,R99,R100,R101,R102,R103,R104,R105,R106,R107,R108,R109,R110,R111,R112,R113,R114,R115,R116,R117,R118]
T8 R34:981307.300320,IMG_SHARPEN,1,4,4,981307.300722,981307.324364,981307.340496
Q:[R41,R42,R43,R44,R45,R46,R47,R48,R49,R50,R51,R52,R53,R54,R55,R56,R57,R58,R59,R60,R61,R62,R63,R64,R65,R66,R67,R68,R69,R70,R71,R72,R73,R74,R75,R76,R77,R78,R79,R80,R81,R82,R83,R84,R85,R86,R87,R88,R89,R90,R91,R92,R93,R94,R95,R96,R97,R98,R99,R100,R101,R102,R103,R104,R105,R106,R107,R108,R109,R110,R111,R112,R113,R114,R115,R116,R117,R118]
T4 R35:981307.300323,IMG_SHARPEN,1,5,5,981307.300723,981307.324789,981307.341630
Q:[R42,R43,R44,R45,R46,R47,R48,R49,R50,R51,R52,R53,R54,R55,R56,R57,R58,R59,R60,R61,R62,R63,R64,R65,R66,R67,R68,R69,R70,R71,R72,R73,R74,R75,R76,R77,R78,R79,R80,R81,R82,R83,R84,R85,R86,R87,R88,R89,R90,R91,R92,R93,R94,R95,R96,R97,R98,R99,R100,R101,R102,R103,R104,R105,R106,R107,R108,R109,R110,R111,R112,R113,R114,R115,R116,R117,R118]
T6 R40:981307.300343,IMG_VERTEDGES,1,0,0,981307.300728,981307.338209,981307.343453
Q:[R43,R44,R45,R46,R47,R48,R49,R50,R51,R52,R53,R54,R55,R56,R57,R58,R59,R60,R61,R62,R63,R64,R65,R66,R67,R68,R69,R70,R71,R72,R73,R74,R75,R76,R77,R78,R79,R80,R81,R82,R83,R84,R85,R86,R87,R88,R89,R90,R91,R92,R93,R94,R95,R96,R97,R98,R99,R100,R101,R102,R103,R104,R105,R106,R107,R108,R109,R110,R111,R112,R113,R114,R115,R116,R117,R118]
T8 R41:981307.300345,IMG_VERTEDGES,1,1,1,981307.300729,981307.340521,981307.348743
Q:[R44,R45,R46,R47,R48,R49,R50,R51,R52,R53,R54,R55,R56,R57,R58,R59,R60,R61,R62,R63,R64,R65,R66,R67,R68,R69,R70,R71,R72,R73,R74,R75,R76,R77,R78,R79,R80,R81,R82,R83,R84,R85,R86,R87,R88,R89,R90,R91,R92,R93,R94,R95,R96,R97,R98,R99,R100,R101,R102,R103,R104,R105,R106,R107,R108,R109,R110,R111,R112,R113,R114,R115,R116,R117,R118]
T7 R27:981307.300302,IMG_BLUR,1,7,7,981307.300699,981307.311955,981307.349860
Q:[R45,R46,R47,R48,R49,R50,R51,R52,R53,R54,R55,R56,R57,R58,R59,R60,R61,R62,R63,R64,R65,R66,R67,R68,R69,R70,R71,R72,R73,R74,R75,R76,R77,R78,R79,R80,R81,R82,R83,R84,R85,R86,R87,R88,R89,R90,R91,R92,R93,R94,R95,R96,R97,R98,R99,R100,R101,R102,R103,R104,R105,R106,R107,R108,R109,R110,R111,R112,R113,R114,R115,R116,R117,R118]
T4 R42:981307.300349,IMG_VERTEDGES,1,2,2,981307.300730,981307.341654,981307.350006
Q:[R46,R47,R48,R49,R50,R51,R52,R53,R54,R55,R56,R57,R58,R59,R60,R61,R62,R63,R64,R65,R66,R67,R68,R69,R70,R71,R72,R73,R74,R75,R76,R77,R78,R79,R80,R81,R82,R83,R84,R85,R86,R87,R88,R89,R90,R91,R92,R93,R94,R95,R96,R97,R98,R99,R100,R101,R102,R103,R104,R105,R106,R107,R108,R109,R110,R111,R112,R113,R114,R115,R116,R117,R118]
T6 R43:981307.300351,IMG_VERTEDGES,1,3,3,981307.300731,981307.343475,981307.352448
Q:[R47,R48,R49,R50,R51,R52,R53,R54,R55,R56,R57,R58,R59,R60,R61,R62,R63,R64,R65,R66,R67,R68,R69,R70,R71,R72,R73,R74,R75,R76,R77,R78,R79,R80,R81,R82,R83,R84,R85,R86,R87,R88,R89,R90,R91,R92,R93,R94,R95,R96,R97,R98,R99,R100,R101,R102,R103,R104,R105,R106,R107,R108,R109,R110,R111,R112,R113,R114,R115,R116,R117,R118]
T9 R29:981307.300307,IMG_BLUR,1,9,9,981307.300701,981307.316070,981307.360836
Q:[R48,R49,R50,R51,R52,R53,R54,R55,R56,R57,R58,R59,R60,R61,R62,R63,R64,R65,R66,R67,R68,R69,R70,R71,R72,R73,R74,R75,R76,R77,R78,R79,R80,R81,R82,R83,R84,R85,R86,R87,R88,R89,R90,R91,R92,R93,R94,R95,R96,R97,R98,R99,R100,R101,R102,R103,R104,R105,R106,R107,R108,R109,R110,R111,R112,R113,R114,R115,R116,R117,R118]
T8 R44:981307.300354,IMG_VERTEDGES,1,4,4,981307.300732,981307.348765,981307.364891
Q:[R49,R50,R51,R52,R53,R54,R55,R56,R57,R58,R59,R60,R61,R62,R63,R64,R65,R66,R67,R68,R69,R70,R71,R72,R73,R74,R75,R76,R77,R78,R79,R80,R81,R82,R83,R84,R85,R86,R87,R88,R89,R90,R91,R92,R93,R94,R95,R96,R97,R98,R99,R100,R101,R102,R103,R104,R105,R106,R107,R108,R109,R110,R111,R112,R113,R114,R115,R116,R117,R118]
T7 R45:981307.300373,IMG_VERTEDGES,1,5,5,981307.300737,981307.349886,981307.366294
Q:[R50,R51,R52,R53,R54,R55,R56,R57,R58,R59,R60,R61,R62,R63,R64,R65,R66,R67,R68,R69,R70,R71,R72,R73,R74,R75,R76,R77,R78,R79,R80,R81,R82,R83,R84,R85,R86,R87,R88,R89,R90,R91,R92,R93,R94,R95,R96,R97,R98,R99,R100,R101,R102,R103,R104,R105,R106,R107,R108,R109,R110,R111,R112,R113,R114,R115,R116,R117,R118]
T7 R50:981307.300392,IMG_HORIZEDGES,1,0,0,981307.300742,981307.366316,981307.371494
Q:[R51,R52,R53,R54,R55,R56,R57,R58,R59,R60,R61,R62,R63,R64,R65,R66,R67,R68,R69,R70,R71,R72,R73,R74,R75,R76,R77,R78,R79,R80,R81,R82,R83,R84,R85,R86,R87,R88,R89,R90,R91,R92,R93,R94,R95,R96,R97,R98,R99,R100,R101,R102,R103,R104,R105,R106,R107,R108,R109,R110,R111,R112,R113,R114,R115,R116,R117,R118]
T5 R36:981307.300329,IMG_SHARPEN,1,6,6,981307.300724,981307.338254,981307.371977
Q:[R52,R53,R54,R55,R56,R57,R58,R59,R60,R61,R62,R63,R64,R65,R66,R67,R68,R69,R70,R71,R72,R73,R74,R75,R76,R77,R78,R79,R80,R81,R82,R83,R84,R85,R86,R87,R88,R89,R90,R91,R92,R93,R94,R95,R96,R97,R98,R99,R100,R101,R102,R103,R104,R105,R106,R107,R108,R109,R110,R111,R112,R113,R114,R115,R116,R117,R118]
T7 R51:981307.300396,IMG_HORIZEDGES,1,1,1,981307.300743,981307.371533,981307.379713
Q:[R53,R54,R55,R56,R57,R58,R59,R60,R61,R62,R63,R64,R65,R66,R67,R68,R69,R70,R71,R72,R73,R74,R75,R76,R77,R78,R79,R80,R81,R82,R83,R84,R85,R86,R87,R88,R89,R90,R91,R92,R93,R94,R95,R96,R97,R98,R99,R100,R101,R102,R103,R104,R105,R106,R107,R108,R109,R110,R111,R112,R113,R114,R115,R116,R117,R118]
T0 R28:981307.300305,IMG_BLUR,1,8,8,981307.300700,981307.317065,981307.383766
Q:[R54,R55,R56,R57,R58,R59,R60,R61,R62,R63,R64,R65,R66,R67,R68,R69,R70,R71,R72,R73,R74,R75,R76,R77,R78,R79,R80,R81,R82,R83,R84,R85,R86,R87,R88,R89,R90,R91,R92,R93,R94,R95,R96,R97,R98,R99,R100,R101,R102,R103,R104,R105,R106,R107,R108,R109,R110,R111,R112,R113,R114,R115,R116,R117,R118]
T7 R53:981307.300401,IMG_HORIZEDGES,1,3,3,981307.300745,981307.379734,981307.388692
Q:[R55,R56,R57,R58,R59,R60,R61,R62,R63,R64,R65,R66,R67,R68,R69,R70,R71,R72,R73,R74,R75,R76,R77,R78,R79,R80,R81,R82,R83,R84,R85,R86,R87,R88,R89,R90,R91,R92,R93,R94,R95,R96,R97,R98,R99,R100,R101,R102,R103,R104,R105,R106,R107,R108,R109,R110,R111,R112,R113,R114,R115,R116,R117,R118]
T5 R52:981307.300398,IMG_HORIZEDGES,1,2,2,981307.300744,981307.372010,981307.390129
Q:[R56,R57,R58,R59,R60,R61,R62,R63,R64,R65,R66,R67,R68,R69,R70,R71,R72,R73,R74,R75,R76,R77,R78,R79,R80,R81,R82,R83,R84,R85,R86,R87,R88,R89,R90,R91,R92,R93,R94,R95,R96,R97,R98,R99,R100,R101,R102,R103,R104,R105,R106,R107,R108,R109,R110,R111,R112,R113,R114,R115,R116,R117,R118]
T0 R54:981307.300407,IMG_HORIZEDGES,1,4,4,981307.300746,981307.383794,981307.400002
Q:[R57,R58,R59,R60,R61,R62,R63,R64,R65,R66,R67,R68,R69,R70,R71,R72,R73,R74,R75,R76,R77,R78,R79,R80,R81,R82,R83,R84,R85,R86,R87,R88,R89,R90,R91,R92,R93,R94,R95,R96,R97,R98,R99,R100,R101,R102,R103,R104,R105,R106,R107,R108,R109,R110,R111,R112,R113,R114,R115,R116,R117,R118]
T1 R37:981307.300331,IMG_SHARPEN,1,7,7,981307.300725,981307.349932,981307.400004
Q:[R58,R59,R60,R61,R62,R63,R64,R65,R66,R67,R68,R69,R70,R71,R72,R73,R74,R75,R76,R77,R78,R79,R80,R81,R82,R83,R84,R85,R86,R87,R88,R89,R90,R91,R92,R93,R94,R95,R96,R97,R98,R99,R100,R101,R102,R103,R104,R105,R106,R107,R108,R109,R110,R111,R112,R113,R114,R115,R116,R117,R118]
T4 R46:981307.300379,IMG_VERTEDGES,1,6,6,981307.300738,981307.372054,981307.404391
Q:[R59,R60,R61,R62,R63,R64,R65,R66,R67,R68,R69,R70,R71,R72,R73,R74,R75,R76,R77,R78,R79,R80,R81,R82,R83,R84,R85,R86,R87,R88,R89,R90,R91,R92,R93,R94,R95,R96,R97,R98,R99,R100,R101,R102,R103,R104,R105,R106,R107,R108,R109,R110,R111,R112,R113,R114,R115,R116,R117,R118]
T7 R55:981307.300410,IMG_HORIZEDGES,1,5,5,981307.300747,981307.388712,981307.405197
Q:[R60,R61,R62,R63,R64,R65,R66,R67,R68,R69,R70,R71,R72,R73,R74,R75,R76,R77,R78,R79,R80,R81,R82,R83,R84,R85,R86,R87,R88,R89,R90,R91,R92,R93,R94,R95,R96,R97,R98,R99,R100,R101,R102,R103,R104,R105,R106,R107,R108,R109,R110,R111,R112,R113,R114,R115,R116,R117,R118]
T7 R60:981307.300425,IMG_ROT90CLKW,1,0,0,981307.300762,981307.405216,981307.405586
Q:[R61,R62,R63,R64,R65,R66,R67,R68,R69,R70,R71,R72,R73,R74,R75,R76,R77,R78,R79,R80,R81,R82,R83,R84,R85,R86,R87,R88,R89,R90,R91,R92,R93,R94,R95,R96,R97,R98,R99,R100,R101,R102,R103,R104,R105,R106,R107,R108,R109,R110,R111,R112,R113,R114,R115,R116,R117,R118]
T7 R61:981307.300429,IMG_ROT90CLKW,1,1,1,981307.300763,981307.405601,981307.406194
Q:[R62,R63,R64,R65,R66,R67,R68,R69,R70,R71,R72,R73,R74,R75,R76,R77,R78,R79,R80,R81,R82,R83,R84,R85,R86,R87,R88,R89,R90,R91,R92,R93,R94,R95,R96,R97,R98,R99,R100,R101,R102,R103,R104,R105,R106,R107,R108,R109,R110,R111,R112,R113,R114,R115,R116,R117,R118]
T7 R62:981307.300433,IMG_ROT90CLKW,1,2,2,981307.300764,981307.406209,981307.406831
Q:[R63,R64,R65,R66,R67,R68,R69,R70,R71,R72,R73,R74,R75,R76,R77,R78,R79,R80,R81,R82,R83,R84,R85,R86,R87,R88,R89,R90,R91,R92,R93,R94,R95,R96,R97,R98,R99,R100,R101,R102,R103,R104,R105,R106,R107,R108,R109,R110,R111,R112,R113,R114,R115,R116,R117,R118]
T7 R63:981307.300436,IMG_ROT90CLKW,1,3,3,981307.300768,981307.406846,981307.407501
Q:[R64,R65,R66,R67,R68,R69,R70,R71,R72,R73,R74,R75,R76,R77,R78,R79,R80,R81,R82,R83,R84,R85,R86,R87,R88,R89,R90,R91,R92,R93,R94,R95,R96,R97,R98,R99,R100,R101,R102,R103,R104,R105,R106,R107,R108,R109,R110,R111,R112,R113,R114,R115,R116,R117,R118]
T7 R64:981307.300441,IMG_ROT90CLKW,1,4,4,981307.300769,981307.407515,981307.408708
Q:[R65,R66,R67,R68,R69,R70,R71,R72,R73,R74,R75,R76,R77,R78,R79,R80,R81,R82,R83,R84,R85,R86,R87,R88,R89,R90,R91,R92,R93,R94,R95,R96,R97,R98,R99,R100,R101,R102,R103,R104,R105,R106,R107,R108,R109,R110,R111,R112,R113,R114,R115,R116,R117,R118]
T7 R65:981307.300444,IMG_ROT90CLKW,1,5,5,981307.300770,981307.408726,981307.409903
Q:[R66,R67,R68,R69,R70,R71,R72,R73,R74,R75,R76,R77,R78,R79,R80,R81,R82,R83,R84,R85,R86,R87,R88,R89,R90,R91,R92,R93,R94,R95,R96,R97,R98,R99,R100,R101,R102,R103,R104,R105,R106,R107,R108,R109,R110,R111,R112,R113,R114,R115,R116,R117,R118]
T3 R39:981307.300339,IMG_SHARPEN,1,9,9,981307.300727,981307.360910,981307.421734
Q:[R67,R68,R69,R70,R71,R72,R73,R74,R75,R76,R77,R78,R79,R80,R81,R82,R83,R84,R85,R86,R87,R88,R89,R90,R91,R92,R93,R94,R95,R96,R97,R98,R99,R100,R101,R102,R103,R104,R105,R106,R107,R108,R109,R110,R111,R112,R113,R114,R115,R116,R117,R118]
T5 R56:981307.300413,IMG_HORIZEDGES,1,6,6,981307.300748,981307.404425,981307.435775
Q:[R68,R69,R70,R71,R72,R73,R74,R75,R76,R77,R78,R79,R80,R81,R82,R83,R84,R85,R86,R87,R88,R89,R90,R91,R92,R93,R94,R95,R96,R97,R98,R99,R100,R101,R102,R103,R104,R105,R106,R107,R108,R109,R110,R111,R112,R113,R114,R115,R116,R117,R118]
T7 R66:981307.300447,IMG_ROT90CLKW,1,6,6,981307.300771,981307.435855,981307.438682
Q:[R69,R70,R71,R72,R73,R74,R75,R76,R77,R78,R79,R80,R81,R82,R83,R84,R85,R86,R87,R88,R89,R90,R91,R92,R93,R94,R95,R96,R97,R98,R99,R100,R101,R102,R103,R104,R105,R106,R107,R108,R109,R110,R111,R112,R113,R114,R115,R116,R117,R118]
T6 R47:981307.300382,IMG_VERTEDGES,1,7,7,981307.300739,981307.400092,981307.449978
Q:[R70,R71,R72,R73,R74,R75,R76,R77,R78,R79,R80,R81,R82,R83,R84,R85,R86,R87,R88,R89,R90,R91,R92,R93,R94,R95,R96,R97,R98,R99,R100,R101,R102,R103,R104,R105,R106,R107,R108,R109,R110,R111,R112,R113,R114,R115,R116,R117,R118]
T6 R70:981307.300462,IMG_BLUR,1,0,0,981307.300775,981307.450008,981307.453733
Q:[R71,R72,R73,R74,R75,R76,R77,R78,R79,R80,R81,R82,R83,R84,R85,R86,R87,R88,R89,R90,R91,R92,R93,R94,R95,R96,R97,R98,R99,R100,R101,R102,R103,R104,R105,R106,R107,R108,R109,R110,R111,R112,R113,R114,R115,R116,R117,R118]
T6 R71:981307.300467,IMG_BLUR,1,1,1,981307.300776,981307.453748,981307.459572
Q:[R72,R73,R74,R75,R76,R77,R78,R79,R80,R81,R82,R83,R84,R85,R86,R87,R88,R89,R90,R91,R92,R93,R94,R95,R96,R97,R98,R99,R100,R101,R102,R103,R104,R105,R106,R107,R108,R109,R110,R111,R112,R113,R114,R115,R116,R117,R118]
T6 R72:981307.300470,IMG_BLUR,1,2,2,981307.300777,981307.459589,981307.465608
Q:[R73,R74,R75,R76,R77,R78,R79,R80,R81,R82,R83,R84,R85,R86,R87,R88,R89,R90,R91,R92,R93,R94,R95,R96,R97,R98,R99,R100,R101,R102,R103,R104,R105,R106,R107,R108,R109,R110,R111,R112,R113,R114,R115,R116,R117,R118]
T6 R73:981307.300474,IMG_BLUR,1,3,3,981307.300780,981307.465625,981307.471895
Q:[R74,R75,R76,R77,R78,R79,R80,R81,R82,R83,R84,R85,R86,R87,R88,R89,R90,R91,R92,R93,R94,R95,R96,R97,R98,R99,R100,R101,R102,R103,R104,R105,R106,R107,R108,R109,R110,R111,R112,R113,R114,R115,R116,R117,R118]
T2 R38:981307.300336,IMG_SHARPEN,1,8,8,981307.300726,981307.383845,981307.479247
Q:[R75,R76,R77,R78,R79,R80,R81,R82,R83,R84,R85,R86,R87,R88,R89,R90,R91,R92,R93,R94,R95,R96,R97,R98,R99,R100,R101,R102,R103,R104,R105,R106,R107,R108,R109,R110,R111,R112,R113,R114,R115,R116,R117,R118]
T8 R49:981307.300389,IMG_VERTEDGES,1,9,9,981307.300741,981307.421821,981307.479821
Q:[R76,R77,R78,R79,R80,R81,R82,R83,R84,R85,R86,R87,R88,R89,R90,R91,R92,R93,R94,R95,R96,R97,R98,R99,R100,R101,R102,R103,R104,R105,R106,R107,R108,R109,R110,R111,R112,R113,R114,R115,R116,R117,R118]
T6 R74:981307.300479,IMG_BLUR,1,4,4,981307.300781,981307.471911,981307.483364
Q:[R77,R78,R79,R80,R81,R82,R83,R84,R85,R86,R87,R88,R89,R90,R91,R92,R93,R94,R95,R96,R97,R98,R99,R100,R101,R102,R103,R104,R105,R106,R107,R108,R109,R110,R111,R112,R113,R114,R115,R116,R117,R118]
T2 R75:981307.300484,IMG_BLUR,1,5,5,981307.300782,981307.479273,981307.491290
Q:[R78,R79,R80,R81,R82,R83,R84,R85,R86,R87,R88,R89,R90,R91,R92,R93,R94,R95,R96,R97,R98,R99,R100,R101,R102,R103,R104,R105,R106,R107,R108,R109,R110,R111,R112,R113,R114,R115,R116,R117,R118]
T0 R57:981307.300416,IMG_HORIZEDGES,1,7,7,981307.300759,981307.450057,981307.498704
Q:[R79,R80,R81,R82,R83,R84,R85,R86,R87,R88,R89,R90,R91,R92,R93,R94,R95,R96,R97,R98,R99,R100,R101,R102,R103,R104,R105,R106,R107,R108,R109,R110,R111,R112,R113,R114,R115,R116,R117,R118]
T8 R76:981307.300488,IMG_BLUR,1,6,6,981307.300782,981307.479848,981307.502458
Q:[R80,R81,R82,R83,R84,R85,R86,R87,R88,R89,R90,R91,R92,R93,R94,R95,R96,R97,R98,R99,R100,R101,R102,R103,R104,R105,R106,R107,R108,R109,R110,R111,R112,R113,R114,R115,R116,R117,R118]
T3 R67:981307.300451,IMG_ROT90CLKW,1,7,7,981307.300772,981307.498796,981307.506678
Q:[R81,R82,R83,R84,R85,R86,R87,R88,R89,R90,R91,R92,R93,R94,R95,R96,R97,R98,R99,R100,R101,R102,R103,R104,R105,R106,R107,R108,R109,R110,R111,R112,R113,R114,R115,R116,R117,R118]
T8 R80:981307.300502,IMG_SHARPEN,1,0,0,981307.300786,981307.502476,981307.507862
Q:[R82,R83,R84,R85,R86,R87,R88,R89,R90,R91,R92,R93,R94,R95,R96,R97,R98,R99,R100,R101,R102,R103,R104,R105,R106,R107,R108,R109,R110,R111,R112,R113,R114,R115,R116,R117,R118]
T8 R82:981307.300510,IMG_SHARPEN,1,2,2,981307.300788,981307.507879,981307.516524
Q:[R83,R84,R85,R86,R87,R88,R89,R90,R91,R92,R93,R94,R95,R96,R97,R98,R99,R100,R101,R102,R103,R104,R105,R106,R107,R108,R109,R110,R111,R112,R113,R114,R115,R116,R117,R118]
T3 R81:981307.300506,IMG_SHARPEN,1,1,1,981307.300787,981307.506733,981307.516914
Q:[R84,R85,R86,R87,R88,R89,R90,R91,R92,R93,R94,R95,R96,R97,R98,R99,R100,R101,R102,R103,R104,R105,R106,R107,R108,R109,R110,R111,R112,R113,R114,R115,R116,R117,R118]
T8 R83:981307.300514,IMG_SHARPEN,1,3,3,981307.300789,981307.516539,981307.525565
Q:[R85,R86,R87,R88,R89,R90,R91,R92,R93,R94,R95,R96,R97,R98,R99,R100,R101,R102,R103,R104,R105,R106,R107,R108,R109,R110,R111,R112,R113,R114,R115,R116,R117,R118]
T3 R84:981307.300517,IMG_SHARPEN,1,4,4,981307.300790,981307.516932,981307.533186
Q:[R86,R87,R88,R89,R90,R91,R92,R93,R94,R95,R96,R97,R98,R99,R100,R101,R102,R103,R104,R105,R106,R107,R108,R109,R110,R111,R112,R113,R114,R115,R116,R117,R118]
T4 R59:981307.300423,IMG_HORIZEDGES,1,9,9,981307.300761,981307.479895,981307.542170
Q:[R87,R88,R89,R90,R91,R92,R93,R94,R95,R96,R97,R98,R99,R100,R101,R102,R103,R104,R105,R106,R107,R108,R109,R110,R111,R112,R113,R114,R115,R116,R117,R118]
T8 R85:981307.300523,IMG_SHARPEN,1,5,5,981307.300791,981307.525580,981307.542267
Q:[R88,R89,R90,R91,R92,R93,R94,R95,R96,R97,R98,R99,R100,R101,R102,R103,R104,R105,R106,R107,R108,R109,R110,R111,R112,R113,R114,R115,R116,R117,R118]
T6 R77:981307.300491,IMG_BLUR,1,7,7,981307.300783,981307.506776,981307.544591
Q:[R89,R90,R91,R92,R93,R94,R95,R96,R97,R98,R99,R100,R101,R102,R103,R104,R105,R106,R107,R108,R109,R110,R111,R112,R113,R114,R115,R116,R117,R118]
T7 R69:981307.300457,IMG_ROT90CLKW,1,9,9,981307.300774,981307.542258,981307.552168
Q:[R90,R91,R92,R93,R94,R95,R96,R97,R98,R99,R100,R101,R102,R103,R104,R105,R106,R107,R108,R109,R110,R111,R112,R113,R114,R115,R116,R117,R118]
T7 R90:981307.300542,IMG_VERTEDGES,1,0,0,981307.300801,981307.552197,981307.558417
Q:[R91,R92,R93,R94,R95,R96,R97,R98,R99,R100,R101,R102,R103,R104,R105,R106,R107,R108,R109,R110,R111,R112,R113,R114,R115,R116,R117,R118]
T3 R86:981307.300526,IMG_SHARPEN,1,6,6,981307.300792,981307.533201,981307.564218
Q:[R92,R93,R94,R95,R96,R97,R98,R99,R100,R101,R102,R103,R104,R105,R106,R107,R108,R109,R110,R111,R112,R113,R114,R115,R116,R117,R118]
T7 R91:981307.300545,IMG_VERTEDGES,1,1,1,981307.300802,981307.558433,981307.567225
Q:[R93,R94,R95,R96,R97,R98,R99,R100,R101,R102,R103,R104,R105,R106,R107,R108,R109,R110,R111,R112,R113,R114,R115,R116,R117,R118]
T9 R48:981307.300385,IMG_VERTEDGES,1,8,8,981307.300740,981307.479320,981307.571964
Q:[R94,R95,R96,R97,R98,R99,R100,R101,R102,R103,R104,R105,R106,R107,R108,R109,R110,R111,R112,R113,R114,R115,R116,R117,R118]
T3 R92:981307.300549,IMG_VERTEDGES,1,2,2,981307.300803,981307.564233,981307.573238
Q:[R95,R96,R97,R98,R99,R100,R101,R102,R103,R104,R105,R106,R107,R108,R109,R110,R111,R112,R113,R114,R115,R116,R117,R118]
T7 R93:981307.300554,IMG_VERTEDGES,1,3,3,981307.300803,981307.567239,981307.586132
Q:[R96,R97,R98,R99,R100,R101,R102,R103,R104,R105,R106,R107,R108,R109,R110,R111,R112,R113,R114,R115,R116,R117,R118]
T9 R94:981307.300557,IMG_VERTEDGES,1,4,4,981307.300807,981307.571989,981307.588870
Q:[R97,R98,R99,R100,R101,R102,R103,R104,R105,R106,R107,R108,R109,R110,R111,R112,R113,R114,R115,R116,R117,R118]
T3 R95:981307.300562,IMG_VERTEDGES,1,5,5,981307.300808,981307.573251,981307.589619
Q:[R98,R99,R100,R101,R102,R103,R104,R105,R106,R107,R108,R109,R110,R111,R112,R113,R114,R115,R116,R117,R118]
T4 R87:981307.300531,IMG_SHARPEN,1,7,7,981307.300794,981307.544665,981307.592261
Q:[R99,R100,R101,R102,R103,R104,R105,R106,R107,R108,R109,R110,R111,R112,R113,R114,R115,R116,R117,R118]
T0 R79:981307.300499,IMG_BLUR,1,9,9,981307.300785,981307.552254,981307.598648
Q:[R100,R101,R102,R103,R104,R105,R106,R107,R108,R109,R110,R111,R112,R113,R114,R115,R116,R117,R118]
T0 R100:981307.300584,IMG_HORIZEDGES,1,0,0,981307.300813,981307.598672,981307.604004
Q:[R101,R102,R103,R104,R105,R106,R107,R108,R109,R110,R111,R112,R113,R114,R115,R116,R117,R118]
T0 R101:981307.300588,IMG_HORIZEDGES,1,1,1,981307.300814,981307.604015,981307.612197
Q:[R102,R103,R104,R105,R106,R107,R108,R109,R110,R111,R112,R113,R114,R115,R116,R117,R118]
T7 R96:981307.300566,IMG_VERTEDGES,1,6,6,981307.300809,981307.586158,981307.618461
Q:[R103,R104,R105,R106,R107,R108,R109,R110,R111,R112,R113,R114,R115,R116,R117,R118]
T0 R102:981307.300593,IMG_HORIZEDGES,1,2,2,981307.300815,981307.612209,981307.621099
Q:[R104,R105,R106,R107,R108,R109,R110,R111,R112,R113,R114,R115,R116,R117,R118]
T7 R103:981307.300597,IMG_HORIZEDGES,1,3,3,981307.300820,981307.618475,981307.627672
Q:[R105,R106,R107,R108,R109,R110,R111,R112,R113,R114,R115,R116,R117,R118]
T0 R104:981307.300601,IMG_HORIZEDGES,1,4,4,981307.300821,981307.621111,981307.637260
Q:[R106,R107,R108,R109,R110,R111,R112,R113,R114,R115,R116,R117,R118]
T9 R97:981307.300570,IMG_VERTEDGES,1,7,7,981307.300810,981307.592341,981307.640708
Q:[R107,R108,R109,R110,R111,R112,R113,R114,R115,R116,R117,R118]
T7 R105:981307.300606,IMG_HORIZEDGES,1,5,5,981307.300822,981307.627686,981307.644339
Q:[R108,R109,R110,R111,R112,R113,R114,R115,R116,R117,R118]
T6 R89:981307.300538,IMG_SHARPEN,1,9,9,981307.300799,981307.598720,981307.661437
Q:[R109,R110,R111,R112,R113,R114,R115,R116,R117,R118]
T1 R58:981307.300419,IMG_HORIZEDGES,1,8,8,981307.300760,981307.572044,981307.661981
Q:[R110,R111,R112,R113,R114,R115,R116,R117,R118]
T1 R110:981307.300626,IMG_RETRIEVE,1,0,0,981307.300827,981307.662005,981307.662005
Q:[R111,R112,R113,R114,R115,R116,R117,R118]
T1 R111:981307.300629,IMG_RETRIEVE,1,1,1,981307.300828,981307.662127,981307.662127
Q:[R112,R113,R114,R115,R116,R117,R118]
T1 R112:981307.300633,IMG_RETRIEVE,1,2,2,981307.300829,981307.662273,981307.662273
Q:[R113,R114,R115,R116,R117,R118]
T1 R113:981307.300636,IMG_RETRIEVE,1,3,3,981307.300830,981307.662411,981307.662411
Q:[R114,R115,R116,R117,R118]
T1 R114:981307.300639,IMG_RETRIEVE,1,4,4,981307.300831,981307.662538,981307.662538
Q:[R115,R116,R117,R118]
T1 R115:981307.300643,IMG_RETRIEVE,1,5,5,981307.300832,981307.666126,981307.666126
Q:[R116,R117,R118]
T0 R106:981307.300610,IMG_HORIZEDGES,1,6,6,981307.300823,981307.637271,981307.667311
Q:[R117,R118]
T1 R116:981307.300646,IMG_RETRIEVE,1,6,6,981307.300833,981307.667326,981307.667326
Q:[R118]
T5 R68:981307.300455,IMG_ROT90CLKW,1,8,8,981307.300773,981307.662073,981307.674157
Q:[]
T9 R107:981307.300614,IMG_HORIZEDGES,1,7,7,981307.300824,981307.640730,981307.688774
Q:[]
T0 R117:981307.300650,IMG_RETRIEVE,1,7,7,981307.300834,981307.688841,981307.688841
Q:[]
T4 R99:981307.300579,IMG_VERTEDGES,1,9,9,981307.300812,981307.661516,981307.724536
Q:[]
T2 R78:981307.300495,IMG_BLUR,1,8,8,981307.300784,981307.674235,981307.742426
Q:[]
T6 R109:981307.300623,IMG_HORIZEDGES,1,9,9,981307.300826,981307.724651,981307.783103
Q:[]
T8 R88:981307.300534,IMG_SHARPEN,1,8,8,981307.300798,981307.742494,981307.837711
Q:[]
T3 R98:981307.300575,IMG_VERTEDGES,1,8,8,981307.300811,981307.837789,981307.936558
Q:[]
T7 R108:981307.300618,IMG_HORIZEDGES,1,8,8,981307.300825,981307.936639,981308.024366
Q:[]
T1 R118:981307.300653,IMG_RETRIEVE,1,8,8,981307.300835,981308.024452,981308.024452
Q:[]
INFO: Worker thread exited.
INFO: Worker thread exited.
INFO: Worker thread exited.
INFO: Worker thread exited.
INFO: Worker thread exited.
INFO: Worker thread exited.
INFO: Worker thread exited.
INFO: Worker thread exited.
INFO: Worker thread exited.
INFO: Worker thread exited.
INFO: Client disconnected.
	Command being timed: "./build/server_mimg -q 1500 -w 10 -p FIFO 2222"
	User time (seconds): 2.35
	System time (seconds): 0.08
	Percent of CPU this job got: 54%
	Elapsed (wall clock) time (h:mm:ss or m:ss): 0:04.44
	Average shared text size (kbytes): 0
	Average unshared data size (kbytes): 0
	Average stack size (kbytes): 0
	Average total size (kbytes): 0
	Maximum resident set size (kbytes): 80712
	Average resident set size (kbytes): 0
	Major (requiring I/O) page faults: 0
	Minor (reclaiming a frame) page faults: 23205
	Voluntary context switches: 238
	Involuntary context switches: 5
	Swaps: 0
	File system inputs: 0
	File system outputs: 72
	Socket messages sent: 0
	Socket messages received: 0
	Signals delivered: 0
	Page size (bytes): 4096
	Exit status: 0
